{"meta": {"format": 3, "version": "7.14.0", "timestamp": "2026-05-15T22:33:21.617398", "branch_coverage": false, "show_contexts": false}, "files": {"app/__init__.py": {"executed_lines": [], "summary": {"covered_lines": 0, "num_statements": 1, "percent_covered": 0.0, "percent_covered_display": "0", "missing_lines": 1, "excluded_lines": 0, "percent_statements_covered": 0.0, "percent_statements_covered_display": "0"}, "missing_lines": [3], "excluded_lines": [], "functions": {"": {"executed_lines": [], "summary": {"covered_lines": 0, "num_statements": 1, "percent_covered": 0.0, "percent_covered_display": "0", "missing_lines": 1, "excluded_lines": 0, "percent_statements_covered": 0.0, "percent_statements_covered_display": "0"}, "missing_lines": [3], "excluded_lines": [], "start_line": 1}}, "classes": {"": {"executed_lines": [], "summary": {"covered_lines": 0, "num_statements": 1, "percent_covered": 0.0, "percent_covered_display": "0", "missing_lines": 1, "excluded_lines": 0, "percent_statements_covered": 0.0, "percent_statements_covered_display": "0"}, "missing_lines": [3], "excluded_lines": [], "start_line": 1}}}, "app/main.py": {"executed_lines": [], "summary": {"covered_lines": 0, "num_statements": 20, "percent_covered": 0.0, "percent_covered_display": "0", "missing_lines": 20, "excluded_lines": 0, "percent_statements_covered": 0.0, "percent_statements_covered_display": "0"}, "missing_lines": [3, 4, 5, 8, 10, 12, 14, 22, 41, 42, 49, 50, 51, 52, 53, 55, 58, 59, 62, 63], "excluded_lines": [], "functions": {"main": {"executed_lines": [], "summary": {"covered_lines": 0, "num_statements": 12, "percent_covered": 0.0, "percent_covered_display": "0", "missing_lines": 12, "excluded_lines": 0, "percent_statements_covered": 0.0, "percent_statements_covered_display": "0"}, "missing_lines": [14, 22, 41, 42, 49, 50, 51, 52, 53, 55, 58, 59], "excluded_lines": [], "start_line": 12}, "": {"executed_lines": [], "summary": {"covered_lines": 0, "num_statements": 8, "percent_covered": 0.0, "percent_covered_display": "0", "missing_lines": 8, "excluded_lines": 0, "percent_statements_covered": 0.0, "percent_statements_covered_display": "0"}, "missing_lines": [3, 4, 5, 8, 10, 12, 62, 63], "excluded_lines": [], "start_line": 1}}, "classes": {"": {"executed_lines": [], "summary": {"covered_lines": 0, "num_statements": 20, "percent_covered": 0.0, "percent_covered_display": "0", "missing_lines": 20, "excluded_lines": 0, "percent_statements_covered": 0.0, "percent_statements_covered_display": "0"}, "missing_lines": [3, 4, 5, 8, 10, 12, 14, 22, 41, 42, 49, 50, 51, 52, 53, 55, 58, 59, 62, 63], "excluded_lines": [], "start_line": 1}}}, "app/report_builder.py": {"executed_lines": [], "summary": {"covered_lines": 0, "num_statements": 107, "percent_covered": 0.0, "percent_covered_display": "0", "missing_lines": 107, "excluded_lines": 0, "percent_statements_covered": 0.0, "percent_statements_covered_display": "0"}, "missing_lines": [3, 4, 5, 6, 10, 11, 12, 13, 14, 17, 20, 21, 22, 23, 26, 35, 44, 65, 66, 69, 79, 82, 83, 86, 89, 92, 93, 96, 97, 100, 101, 102, 105, 108, 110, 112, 114, 116, 118, 119, 120, 122, 126, 127, 129, 133, 135, 137, 139, 141, 142, 145, 151, 152, 153, 155, 156, 158, 160, 162, 164, 165, 168, 169, 170, 171, 173, 175, 176, 187, 188, 190, 192, 194, 196, 197, 200, 201, 202, 203, 210, 211, 212, 219, 220, 231, 232, 234, 236, 238, 240, 241, 244, 249, 250, 253, 254, 255, 256, 258, 260, 262, 264, 265, 267, 273, 275], "excluded_lines": [], "functions": {"ReportBuilder.__init__": {"executed_lines": [], "summary": {"covered_lines": 0, "num_statements": 5, "percent_covered": 0.0, "percent_covered_display": "0", "missing_lines": 5, "excluded_lines": 0, "percent_statements_covered": 0.0, "percent_statements_covered_display": "0"}, "missing_lines": [21, 22, 23, 26, 35], "excluded_lines": [], "start_line": 20}, "ReportBuilder.generate_report": {"executed_lines": [], "summary": {"covered_lines": 0, "num_statements": 18, "percent_covered": 0.0, "percent_covered_display": "0", "missing_lines": 18, "excluded_lines": 0, "percent_statements_covered": 0.0, "percent_statements_covered_display": "0"}, "missing_lines": [65, 66, 69, 79, 82, 83, 86, 89, 92, 93, 96, 97, 100, 101, 102, 105, 108, 110], "excluded_lines": [], "start_line": 44}, "ReportBuilder._create_title_page": {"executed_lines": [], "summary": {"covered_lines": 0, "num_statements": 11, "percent_covered": 0.0, "percent_covered_display": "0", "missing_lines": 11, "excluded_lines": 0, "percent_statements_covered": 0.0, "percent_statements_covered_display": "0"}, "missing_lines": [114, 116, 118, 119, 120, 122, 126, 127, 129, 133, 135], "excluded_lines": [], "start_line": 112}, "ReportBuilder._create_executive_summary": {"executed_lines": [], "summary": {"covered_lines": 0, "num_statements": 10, "percent_covered": 0.0, "percent_covered_display": "0", "missing_lines": 10, "excluded_lines": 0, "percent_statements_covered": 0.0, "percent_statements_covered_display": "0"}, "missing_lines": [139, 141, 142, 145, 151, 152, 153, 155, 156, 158], "excluded_lines": [], "start_line": 137}, "ReportBuilder._create_dataset_section": {"executed_lines": [], "summary": {"covered_lines": 0, "num_statements": 13, "percent_covered": 0.0, "percent_covered_display": "0", "missing_lines": 13, "excluded_lines": 0, "percent_statements_covered": 0.0, "percent_statements_covered_display": "0"}, "missing_lines": [162, 164, 165, 168, 169, 170, 171, 173, 175, 176, 187, 188, 190], "excluded_lines": [], "start_line": 160}, "ReportBuilder._create_results_section": {"executed_lines": [], "summary": {"covered_lines": 0, "num_statements": 15, "percent_covered": 0.0, "percent_covered_display": "0", "missing_lines": 15, "excluded_lines": 0, "percent_statements_covered": 0.0, "percent_statements_covered_display": "0"}, "missing_lines": [194, 196, 197, 200, 201, 202, 203, 210, 211, 212, 219, 220, 231, 232, 234], "excluded_lines": [], "start_line": 192}, "ReportBuilder._create_recommendation_section": {"executed_lines": [], "summary": {"covered_lines": 0, "num_statements": 11, "percent_covered": 0.0, "percent_covered_display": "0", "missing_lines": 11, "excluded_lines": 0, "percent_statements_covered": 0.0, "percent_statements_covered_display": "0"}, "missing_lines": [238, 240, 241, 244, 249, 250, 253, 254, 255, 256, 258], "excluded_lines": [], "start_line": 236}, "ReportBuilder._create_appendix": {"executed_lines": [], "summary": {"covered_lines": 0, "num_statements": 6, "percent_covered": 0.0, "percent_covered_display": "0", "missing_lines": 6, "excluded_lines": 0, "percent_statements_covered": 0.0, "percent_statements_covered_display": "0"}, "missing_lines": [262, 264, 265, 267, 273, 275], "excluded_lines": [], "start_line": 260}, "": {"executed_lines": [], "summary": {"covered_lines": 0, "num_statements": 18, "percent_covered": 0.0, "percent_covered_display": "0", "missing_lines": 18, "excluded_lines": 0, "percent_statements_covered": 0.0, "percent_statements_covered_display": "0"}, "missing_lines": [3, 4, 5, 6, 10, 11, 12, 13, 14, 17, 20, 44, 112, 137, 160, 192, 236, 260], "excluded_lines": [], "start_line": 1}}, "classes": {"ReportBuilder": {"executed_lines": [], "summary": {"covered_lines": 0, "num_statements": 89, "percent_covered": 0.0, "percent_covered_display": "0", "missing_lines": 89, "excluded_lines": 0, "percent_statements_covered": 0.0, "percent_statements_covered_display": "0"}, "missing_lines": [21, 22, 23, 26, 35, 65, 66, 69, 79, 82, 83, 86, 89, 92, 93, 96, 97, 100, 101, 102, 105, 108, 110, 114, 116, 118, 119, 120, 122, 126, 127, 129, 133, 135, 139, 141, 142, 145, 151, 152, 153, 155, 156, 158, 162, 164, 165, 168, 169, 170, 171, 173, 175, 176, 187, 188, 190, 194, 196, 197, 200, 201, 202, 203, 210, 211, 212, 219, 220, 231, 232, 234, 238, 240, 241, 244, 249, 250, 253, 254, 255, 256, 258, 262, 264, 265, 267, 273, 275], "excluded_lines": [], "start_line": 17}, "": {"executed_lines": [], "summary": {"covered_lines": 0, "num_statements": 18, "percent_covered": 0.0, "percent_covered_display": "0", "missing_lines": 18, "excluded_lines": 0, "percent_statements_covered": 0.0, "percent_statements_covered_display": "0"}, "missing_lines": [3, 4, 5, 6, 10, 11, 12, 13, 14, 17, 20, 44, 112, 137, 160, 192, 236, 260], "excluded_lines": [], "start_line": 1}}}, "app/ui_dashboard.py": {"executed_lines": [], "summary": {"covered_lines": 0, "num_statements": 3705, "percent_covered": 0.0, "percent_covered_display": "0", "missing_lines": 3705, "excluded_lines": 0, "percent_statements_covered": 0.0, "percent_statements_covered_display": "0"}, "missing_lines": [3, 4, 5, 6, 7, 8, 9, 10, 11, 14, 16, 17, 18, 19, 20, 21, 22, 23, 24, 25, 26, 27, 28, 29, 30, 31, 32, 33, 34, 37, 40, 43, 44, 46, 48, 50, 51, 52, 53, 54, 55, 57, 59, 102, 103, 104, 106, 109, 110, 116, 119, 120, 121, 124, 125, 126, 127, 129, 130, 131, 132, 135, 136, 137, 138, 139, 140, 141, 142, 143, 144, 147, 149, 150, 151, 152, 153, 154, 157, 158, 160, 162, 164, 183, 186, 198, 209, 210, 212, 214, 215, 222, 223, 230, 231, 238, 240, 243, 244, 245, 248, 250, 252, 258, 259, 260, 267, 268, 269, 270, 271, 272, 275, 276, 284, 285, 286, 287, 288, 289, 292, 294, 297, 298, 300, 301, 302, 304, 306, 336, 338, 339, 342, 344, 346, 347, 352, 353, 358, 359, 360, 361, 367, 368, 369, 370, 378, 379, 381, 388, 389, 390, 392, 395, 396, 397, 398, 399, 400, 403, 404, 405, 406, 407, 408, 410, 412, 421, 422, 428, 429, 432, 433, 434, 436, 437, 438, 439, 440, 441, 442, 443, 444, 445, 446, 447, 450, 451, 452, 454, 455, 456, 457, 458, 460, 461, 462, 463, 464, 466, 467, 469, 470, 471, 472, 473, 474, 478, 479, 482, 483, 484, 485, 486, 487, 488, 494, 495, 497, 499, 500, 501, 503, 505, 506, 509, 510, 511, 517, 518, 519, 520, 521, 524, 525, 526, 527, 529, 532, 533, 534, 536, 537, 538, 539, 541, 543, 546, 547, 548, 551, 552, 553, 555, 556, 557, 558, 560, 563, 564, 565, 568, 570, 571, 572, 573, 574, 575, 576, 577, 578, 579, 581, 582, 583, 584, 585, 587, 589, 590, 591, 592, 595, 597, 599, 600, 603, 604, 605, 606, 609, 610, 611, 612, 615, 616, 618, 620, 624, 627, 628, 631, 632, 635, 636, 638, 641, 642, 644, 645, 646, 647, 649, 651, 653, 654, 656, 659, 660, 661, 662, 665, 667, 668, 669, 671, 673, 675, 676, 677, 678, 681, 692, 693, 694, 695, 696, 700, 701, 702, 707, 713, 714, 715, 716, 719, 720, 721, 724, 725, 726, 728, 730, 731, 732, 734, 736, 737, 738, 741, 742, 743, 744, 745, 746, 747, 748, 749, 750, 751, 752, 754, 757, 758, 759, 760, 761, 762, 764, 767, 768, 769, 770, 771, 772, 774, 777, 778, 779, 780, 781, 782, 784, 787, 788, 789, 790, 791, 792, 794, 797, 798, 800, 802, 803, 817, 818, 832, 834, 837, 839, 840, 843, 846, 848, 856, 858, 861, 865, 866, 867, 869, 870, 873, 875, 876, 877, 878, 879, 882, 885, 887, 889, 890, 891, 894, 895, 897, 903, 905, 907, 910, 911, 912, 913, 915, 920, 923, 926, 927, 930, 931, 932, 933, 934, 935, 937, 940, 941, 942, 949, 950, 952, 955, 962, 963, 964, 965, 968, 969, 972, 973, 975, 981, 983, 984, 986, 987, 993, 995, 996, 1004, 1006, 1013, 1016, 1017, 1019, 1024, 1026, 1027, 1034, 1036, 1039, 1046, 1049, 1050, 1051, 1052, 1053, 1054, 1057, 1058, 1059, 1060, 1062, 1063, 1064, 1066, 1067, 1068, 1069, 1071, 1072, 1073, 1075, 1076, 1077, 1078, 1080, 1082, 1083, 1088, 1089, 1090, 1091, 1092, 1093, 1094, 1095, 1097, 1098, 1099, 1100, 1101, 1102, 1103, 1105, 1107, 1108, 1111, 1112, 1113, 1115, 1116, 1119, 1120, 1128, 1137, 1139, 1140, 1141, 1143, 1144, 1145, 1149, 1151, 1152, 1154, 1155, 1156, 1159, 1160, 1163, 1164, 1166, 1167, 1168, 1169, 1170, 1173, 1174, 1176, 1177, 1179, 1180, 1181, 1182, 1183, 1184, 1186, 1187, 1188, 1189, 1190, 1191, 1193, 1195, 1196, 1197, 1198, 1199, 1200, 1201, 1202, 1204, 1206, 1207, 1208, 1209, 1218, 1219, 1227, 1229, 1230, 1231, 1235, 1239, 1241, 1242, 1250, 1251, 1252, 1253, 1255, 1257, 1258, 1261, 1262, 1263, 1264, 1267, 1275, 1276, 1279, 1281, 1298, 1299, 1301, 1310, 1311, 1312, 1314, 1320, 1321, 1323, 1324, 1325, 1326, 1328, 1330, 1331, 1333, 1335, 1338, 1341, 1344, 1345, 1346, 1347, 1348, 1349, 1350, 1351, 1354, 1355, 1358, 1359, 1360, 1361, 1369, 1370, 1372, 1374, 1375, 1377, 1379, 1381, 1382, 1383, 1385, 1386, 1387, 1390, 1400, 1403, 1404, 1405, 1406, 1408, 1411, 1412, 1414, 1416, 1417, 1418, 1419, 1422, 1423, 1425, 1428, 1429, 1430, 1431, 1432, 1433, 1434, 1435, 1438, 1439, 1440, 1441, 1442, 1443, 1446, 1449, 1450, 1453, 1454, 1456, 1457, 1458, 1459, 1460, 1463, 1465, 1467, 1468, 1469, 1471, 1472, 1475, 1476, 1480, 1483, 1484, 1485, 1486, 1489, 1490, 1492, 1493, 1515, 1518, 1519, 1521, 1522, 1533, 1534, 1535, 1536, 1538, 1541, 1542, 1543, 1544, 1545, 1546, 1547, 1549, 1550, 1551, 1554, 1555, 1557, 1558, 1561, 1566, 1567, 1568, 1569, 1577, 1578, 1579, 1582, 1585, 1587, 1588, 1590, 1592, 1593, 1596, 1597, 1598, 1599, 1602, 1603, 1604, 1605, 1607, 1608, 1611, 1612, 1613, 1615, 1616, 1623, 1624, 1629, 1630, 1631, 1632, 1636, 1637, 1640, 1642, 1643, 1644, 1646, 1647, 1648, 1651, 1652, 1653, 1655, 1656, 1663, 1669, 1672, 1673, 1674, 1675, 1676, 1678, 1679, 1680, 1681, 1683, 1685, 1686, 1687, 1689, 1701, 1702, 1705, 1706, 1708, 1709, 1710, 1713, 1714, 1715, 1716, 1717, 1720, 1721, 1723, 1724, 1725, 1726, 1727, 1729, 1730, 1731, 1732, 1733, 1735, 1736, 1737, 1740, 1743, 1752, 1756, 1759, 1761, 1768, 1769, 1774, 1775, 1777, 1778, 1781, 1784, 1785, 1786, 1787, 1788, 1789, 1790, 1791, 1792, 1793, 1797, 1798, 1801, 1804, 1811, 1812, 1813, 1814, 1815, 1818, 1819, 1821, 1828, 1829, 1832, 1833, 1834, 1835, 1838, 1839, 1840, 1843, 1844, 1847, 1848, 1849, 1852, 1854, 1856, 1857, 1858, 1859, 1861, 1864, 1871, 1872, 1874, 1875, 1878, 1879, 1881, 1882, 1883, 1884, 1885, 1887, 1889, 1890, 1891, 1892, 1893, 1894, 1895, 1897, 1898, 1899, 1900, 1901, 1903, 1904, 1905, 1906, 1907, 1909, 1910, 1916, 1917, 1918, 1919, 1922, 1923, 1926, 1927, 1930, 1931, 1933, 1934, 1939, 1940, 1941, 1942, 1944, 1945, 1947, 1948, 1950, 1951, 1954, 1960, 1961, 1963, 1965, 1968, 1970, 1971, 1972, 1973, 1976, 1977, 1978, 1979, 1981, 1990, 1991, 1992, 1993, 1994, 1996, 1997, 2000, 2002, 2003, 2006, 2008, 2010, 2012, 2013, 2014, 2016, 2017, 2019, 2021, 2023, 2026, 2028, 2029, 2032, 2033, 2036, 2037, 2039, 2040, 2041, 2042, 2044, 2045, 2046, 2047, 2048, 2049, 2050, 2051, 2052, 2055, 2056, 2057, 2059, 2060, 2061, 2062, 2063, 2064, 2065, 2068, 2069, 2073, 2076, 2078, 2079, 2080, 2090, 2091, 2094, 2095, 2096, 2098, 2099, 2100, 2101, 2102, 2103, 2104, 2106, 2107, 2109, 2112, 2113, 2114, 2115, 2116, 2117, 2118, 2119, 2120, 2123, 2124, 2125, 2128, 2130, 2132, 2134, 2135, 2137, 2140, 2141, 2143, 2145, 2146, 2149, 2150, 2151, 2154, 2155, 2157, 2158, 2159, 2160, 2162, 2163, 2166, 2167, 2169, 2170, 2173, 2174, 2177, 2178, 2180, 2181, 2184, 2186, 2195, 2196, 2199, 2200, 2222, 2224, 2227, 2230, 2233, 2239, 2242, 2243, 2245, 2248, 2249, 2250, 2253, 2259, 2260, 2261, 2262, 2264, 2266, 2269, 2270, 2273, 2274, 2275, 2277, 2280, 2282, 2284, 2285, 2286, 2289, 2290, 2291, 2294, 2297, 2298, 2300, 2301, 2302, 2305, 2308, 2309, 2311, 2312, 2319, 2320, 2321, 2323, 2326, 2327, 2328, 2331, 2332, 2334, 2336, 2337, 2340, 2341, 2343, 2344, 2345, 2348, 2349, 2350, 2351, 2354, 2355, 2356, 2357, 2358, 2361, 2362, 2363, 2365, 2366, 2374, 2375, 2376, 2378, 2384, 2385, 2387, 2388, 2389, 2392, 2393, 2394, 2396, 2397, 2399, 2400, 2401, 2402, 2404, 2405, 2408, 2409, 2412, 2415, 2418, 2419, 2420, 2421, 2422, 2423, 2424, 2425, 2427, 2428, 2429, 2432, 2435, 2438, 2439, 2440, 2447, 2448, 2449, 2450, 2451, 2452, 2454, 2459, 2460, 2461, 2462, 2463, 2464, 2467, 2470, 2471, 2472, 2473, 2475, 2477, 2480, 2483, 2484, 2486, 2487, 2488, 2490, 2491, 2493, 2494, 2495, 2497, 2499, 2505, 2508, 2509, 2512, 2513, 2514, 2516, 2517, 2518, 2520, 2523, 2524, 2527, 2528, 2529, 2530, 2531, 2533, 2534, 2535, 2538, 2539, 2542, 2543, 2544, 2548, 2551, 2552, 2554, 2557, 2560, 2561, 2563, 2564, 2566, 2567, 2568, 2580, 2581, 2582, 2584, 2587, 2590, 2591, 2592, 2593, 2596, 2597, 2600, 2603, 2606, 2607, 2608, 2610, 2611, 2612, 2615, 2616, 2617, 2624, 2625, 2627, 2628, 2629, 2630, 2632, 2635, 2636, 2638, 2639, 2642, 2643, 2645, 2647, 2650, 2651, 2653, 2654, 2656, 2657, 2659, 2660, 2661, 2663, 2665, 2666, 2667, 2670, 2671, 2674, 2675, 2677, 2689, 2690, 2691, 2692, 2694, 2695, 2697, 2699, 2700, 2701, 2702, 2704, 2707, 2709, 2712, 2717, 2718, 2719, 2721, 2722, 2725, 2730, 2731, 2732, 2734, 2736, 2738, 2740, 2741, 2748, 2760, 2761, 2762, 2765, 2766, 2767, 2768, 2769, 2770, 2771, 2772, 2774, 2775, 2776, 2778, 2779, 2780, 2781, 2784, 2786, 2787, 2788, 2789, 2790, 2791, 2792, 2793, 2794, 2795, 2798, 2799, 2801, 2803, 2804, 2805, 2806, 2808, 2809, 2811, 2812, 2813, 2814, 2815, 2816, 2817, 2820, 2823, 2824, 2825, 2826, 2828, 2830, 2831, 2842, 2852, 2855, 2856, 2858, 2860, 2869, 2871, 2882, 2891, 2892, 2895, 2896, 2897, 2900, 2901, 2902, 2903, 2905, 2908, 2910, 2911, 2913, 2916, 2918, 2919, 2921, 2922, 2924, 2925, 2927, 2928, 2930, 2932, 2934, 2935, 2937, 2938, 2939, 2942, 2943, 2946, 2947, 2948, 2950, 2951, 2952, 2953, 2954, 2955, 2956, 2957, 2958, 2961, 2962, 2963, 2964, 2965, 2966, 2967, 2968, 2969, 2971, 2973, 2975, 2976, 2977, 2980, 2981, 2983, 2984, 2986, 2987, 2992, 2998, 2999, 3000, 3001, 3002, 3005, 3006, 3007, 3009, 3010, 3013, 3014, 3021, 3022, 3023, 3026, 3027, 3028, 3031, 3034, 3042, 3043, 3044, 3045, 3046, 3048, 3049, 3050, 3056, 3059, 3061, 3063, 3064, 3067, 3070, 3071, 3073, 3074, 3076, 3077, 3078, 3080, 3081, 3082, 3083, 3085, 3086, 3087, 3088, 3089, 3090, 3093, 3094, 3095, 3096, 3097, 3098, 3099, 3101, 3102, 3104, 3105, 3108, 3109, 3111, 3113, 3114, 3116, 3117, 3120, 3121, 3122, 3125, 3126, 3127, 3128, 3129, 3132, 3133, 3134, 3137, 3139, 3145, 3146, 3147, 3150, 3151, 3153, 3154, 3155, 3158, 3159, 3174, 3190, 3191, 3194, 3195, 3196, 3197, 3198, 3200, 3202, 3203, 3205, 3206, 3208, 3209, 3210, 3211, 3212, 3213, 3215, 3217, 3218, 3219, 3220, 3221, 3222, 3224, 3226, 3228, 3229, 3231, 3232, 3233, 3234, 3236, 3238, 3239, 3240, 3241, 3244, 3245, 3248, 3250, 3252, 3255, 3258, 3259, 3260, 3261, 3262, 3263, 3264, 3266, 3267, 3269, 3270, 3277, 3278, 3279, 3281, 3282, 3285, 3287, 3293, 3299, 3305, 3310, 3311, 3312, 3314, 3315, 3317, 3318, 3319, 3322, 3323, 3326, 3327, 3328, 3331, 3332, 3333, 3334, 3335, 3336, 3338, 3339, 3340, 3342, 3345, 3346, 3347, 3348, 3349, 3351, 3354, 3355, 3356, 3357, 3360, 3362, 3364, 3365, 3366, 3367, 3368, 3369, 3371, 3373, 3375, 3376, 3377, 3378, 3379, 3380, 3382, 3385, 3386, 3387, 3390, 3391, 3392, 3393, 3394, 3395, 3397, 3400, 3401, 3402, 3403, 3404, 3405, 3407, 3410, 3411, 3412, 3413, 3414, 3415, 3417, 3420, 3421, 3422, 3423, 3424, 3425, 3427, 3430, 3431, 3432, 3433, 3434, 3435, 3437, 3440, 3441, 3442, 3445, 3446, 3447, 3448, 3449, 3450, 3452, 3455, 3462, 3463, 3464, 3465, 3466, 3467, 3468, 3470, 3472, 3474, 3475, 3476, 3477, 3478, 3479, 3480, 3481, 3482, 3485, 3486, 3487, 3489, 3490, 3496, 3497, 3498, 3500, 3501, 3504, 3505, 3506, 3509, 3510, 3511, 3512, 3513, 3515, 3516, 3518, 3519, 3520, 3521, 3522, 3525, 3528, 3529, 3530, 3531, 3532, 3534, 3536, 3538, 3539, 3540, 3543, 3545, 3546, 3547, 3550, 3551, 3552, 3564, 3567, 3580, 3586, 3594, 3595, 3612, 3613, 3616, 3621, 3626, 3633, 3642, 3643, 3644, 3645, 3647, 3648, 3649, 3650, 3653, 3662, 3665, 3666, 3688, 3689, 3690, 3692, 3695, 3696, 3698, 3699, 3700, 3701, 3702, 3703, 3704, 3705, 3708, 3709, 3710, 3719, 3720, 3721, 3723, 3724, 3725, 3726, 3727, 3728, 3731, 3732, 3733, 3735, 3736, 3738, 3739, 3740, 3741, 3742, 3743, 3744, 3745, 3748, 3750, 3751, 3752, 3753, 3754, 3757, 3759, 3769, 3771, 3772, 3775, 3776, 3777, 3784, 3786, 3797, 3798, 3799, 3800, 3802, 3803, 3805, 3806, 3807, 3810, 3817, 3818, 3821, 3822, 3823, 3824, 3829, 3832, 3853, 3854, 3855, 3858, 3859, 3861, 3863, 3864, 3865, 3866, 3868, 3871, 3873, 3874, 3876, 3877, 3878, 3879, 3881, 3882, 3883, 3885, 3886, 3887, 3888, 3889, 3891, 3893, 3895, 3896, 3897, 3900, 3902, 3903, 3904, 3906, 3907, 3909, 3910, 3911, 3913, 3914, 3915, 3918, 3919, 3920, 3921, 3922, 3923, 3931, 3934, 3935, 3936, 3937, 3938, 3944, 3945, 3946, 3949, 3950, 3951, 3952, 3954, 3955, 3959, 3961, 3963, 3965, 3967, 3968, 3969, 3972, 3973, 3974, 3975, 3976, 3977, 3980, 3981, 3982, 3985, 3992, 4013, 4014, 4016, 4017, 4019, 4020, 4022, 4023, 4025, 4026, 4027, 4028, 4029, 4031, 4033, 4034, 4035, 4038, 4039, 4040, 4043, 4044, 4045, 4046, 4047, 4056, 4059, 4060, 4061, 4062, 4065, 4066, 4068, 4069, 4070, 4071, 4072, 4075, 4076, 4077, 4078, 4080, 4081, 4082, 4083, 4087, 4089, 4090, 4091, 4095, 4097, 4099, 4101, 4102, 4103, 4106, 4109, 4110, 4117, 4119, 4120, 4123, 4124, 4128, 4129, 4130, 4133, 4134, 4136, 4137, 4138, 4140, 4142, 4143, 4144, 4146, 4147, 4148, 4151, 4152, 4156, 4157, 4160, 4165, 4166, 4173, 4174, 4176, 4177, 4179, 4180, 4181, 4183, 4185, 4186, 4187, 4188, 4189, 4190, 4191, 4192, 4193, 4195, 4196, 4197, 4200, 4201, 4202, 4203, 4205, 4208, 4209, 4212, 4213, 4215, 4217, 4218, 4220, 4221, 4222, 4223, 4224, 4225, 4228, 4229, 4230, 4231, 4234, 4236, 4256, 4257, 4260, 4262, 4263, 4264, 4265, 4268, 4269, 4271, 4272, 4274, 4275, 4277, 4278, 4279, 4280, 4281, 4283, 4286, 4287, 4289, 4291, 4292, 4294, 4295, 4297, 4298, 4299, 4300, 4303, 4304, 4305, 4306, 4307, 4310, 4312, 4313, 4314, 4315, 4317, 4319, 4321, 4322, 4328, 4329, 4330, 4332, 4334, 4335, 4338, 4340, 4359, 4360, 4363, 4366, 4381, 4382, 4385, 4387, 4388, 4389, 4392, 4393, 4395, 4396, 4398, 4399, 4400, 4401, 4402, 4404, 4406, 4407, 4408, 4409, 4410, 4412, 4414, 4415, 4418, 4419, 4420, 4422, 4423, 4424, 4427, 4428, 4430, 4433, 4434, 4437, 4438, 4439, 4440, 4442, 4443, 4448, 4449, 4450, 4451, 4452, 4453, 4455, 4457, 4459, 4460, 4467, 4470, 4473, 4474, 4475, 4478, 4479, 4482, 4483, 4484, 4485, 4489, 4490, 4491, 4492, 4493, 4494, 4497, 4498, 4501, 4502, 4503, 4504, 4508, 4509, 4510, 4511, 4512, 4513, 4516, 4518, 4519, 4520, 4521, 4522, 4523, 4526, 4527, 4528, 4529, 4534, 4536, 4537, 4538, 4539, 4543, 4545, 4546, 4547, 4548, 4552, 4554, 4555, 4556, 4557, 4558, 4563, 4566, 4567, 4568, 4569, 4570, 4574, 4576, 4578, 4580, 4581, 4582, 4583, 4585, 4588, 4589, 4590, 4593, 4596, 4597, 4598, 4599, 4600, 4602, 4603, 4604, 4607, 4608, 4610, 4617, 4623, 4624, 4625, 4628, 4629, 4630, 4631, 4633, 4634, 4637, 4647, 4648, 4649, 4652, 4653, 4654, 4656, 4666, 4667, 4669, 4671, 4672, 4680, 4687, 4689, 4690, 4693, 4694, 4695, 4696, 4697, 4698, 4701, 4702, 4704, 4705, 4706, 4707, 4712, 4713, 4715, 4733, 4734, 4736, 4737, 4739, 4740, 4742, 4743, 4744, 4745, 4746, 4748, 4750, 4751, 4753, 4754, 4755, 4758, 4761, 4762, 4763, 4766, 4767, 4775, 4783, 4784, 4785, 4786, 4787, 4788, 4789, 4792, 4793, 4794, 4797, 4798, 4799, 4800, 4801, 4805, 4808, 4809, 4810, 4812, 4813, 4815, 4816, 4817, 4820, 4821, 4822, 4823, 4825, 4831, 4853, 4854, 4856, 4857, 4859, 4860, 4861, 4862, 4863, 4865, 4867, 4868, 4869, 4870, 4871, 4873, 4875, 4876, 4878, 4879, 4881, 4882, 4883, 4886, 4887, 4890, 4892, 4893, 4895, 4896, 4897, 4898, 4900, 4902, 4903, 4904, 4905, 4906, 4908, 4910, 4912, 4913, 4914, 4915, 4916, 4918, 4919, 4920, 4921, 4924, 4925, 4927, 4928, 4929, 4930, 4931, 4932, 4933, 4937, 4940, 4943, 4944, 4945, 4946, 4947, 4949, 4952, 4953, 4954, 4955, 4956, 4958, 4959, 4960, 4962, 4964, 4971, 4972, 4975, 4976, 4979, 4986, 4998, 4999, 5006, 5008, 5016, 5017, 5020, 5021, 5028, 5030, 5042, 5052, 5055, 5058, 5059, 5060, 5062, 5063, 5064, 5065, 5067, 5069, 5070, 5073, 5076, 5077, 5079, 5080, 5081, 5083, 5084, 5086, 5094, 5097, 5099, 5100, 5101, 5103, 5115, 5116, 5124, 5135, 5138, 5149, 5159, 5161, 5162, 5165, 5166, 5169, 5170, 5171, 5173, 5175, 5177, 5180, 5181, 5182, 5183, 5185, 5186, 5187, 5189, 5191, 5194, 5200, 5201, 5204, 5205, 5206, 5208, 5210, 5211, 5218, 5225, 5227, 5235, 5238, 5240, 5241, 5242, 5244, 5246, 5248, 5249, 5250, 5253, 5254, 5255, 5256, 5258, 5259, 5261, 5262, 5263, 5264, 5265, 5267, 5272, 5278, 5279, 5280, 5281, 5284, 5289, 5293, 5298, 5304, 5305, 5306, 5307, 5312, 5313, 5316, 5320, 5345, 5346, 5349, 5350, 5351, 5353, 5354, 5355, 5357, 5358, 5359, 5360, 5361, 5363, 5365, 5366, 5367, 5369, 5370, 5371, 5372, 5373, 5375, 5377, 5378, 5379, 5380, 5381, 5383, 5385, 5386, 5387, 5389, 5390, 5391, 5394, 5395, 5398, 5400, 5401, 5403, 5404, 5405, 5406, 5407, 5409, 5417, 5418, 5425, 5426, 5427, 5428, 5429, 5430, 5432, 5440, 5443, 5444, 5446, 5454, 5455, 5457, 5458, 5459, 5460, 5462, 5464, 5465, 5467, 5468, 5470, 5471, 5473, 5474, 5477, 5479, 5480, 5482, 5483, 5484, 5486, 5487, 5488, 5497, 5498, 5505, 5506, 5507, 5509, 5511, 5512, 5513, 5515, 5516, 5517, 5520, 5521, 5522, 5523, 5526, 5528, 5529, 5530, 5533, 5534, 5535, 5536, 5537, 5538, 5539, 5540, 5541, 5542, 5543, 5545, 5546, 5549, 5550, 5551, 5553, 5556, 5557, 5558, 5560, 5561, 5563, 5564, 5565, 5566, 5567, 5569, 5570, 5572, 5574, 5575, 5576, 5577, 5578, 5580, 5581, 5582, 5585, 5586, 5587, 5588, 5589, 5590, 5591, 5593, 5594, 5596, 5597, 5598, 5599, 5602, 5603, 5604, 5606, 5607, 5609, 5610, 5612, 5613, 5615, 5616, 5617, 5618, 5619, 5620, 5622, 5624, 5625, 5627, 5628, 5629, 5630, 5632, 5633, 5634, 5637, 5638, 5641, 5642, 5643, 5644, 5647, 5648, 5649, 5650, 5651, 5653, 5654, 5655, 5656, 5659, 5660, 5661, 5664, 5665, 5666, 5667, 5669, 5672, 5673, 5674, 5675, 5676, 5677, 5679, 5686, 5688, 5695, 5698, 5701, 5703, 5704, 5705, 5706, 5708, 5709, 5711, 5713, 5715, 5718, 5719, 5722, 5723, 5724, 5725, 5726, 5727, 5728, 5729, 5730, 5731, 5732, 5733, 5734, 5737, 5744, 5745, 5747, 5748, 5750, 5751, 5753, 5754, 5757, 5758, 5761, 5763, 5765, 5768, 5769, 5770, 5772, 5773, 5775, 5776, 5777, 5779, 5780, 5781, 5782, 5784, 5785, 5787, 5790, 5792, 5793, 5794, 5796, 5797, 5798, 5800, 5802, 5805, 5818, 5820, 5823, 5825, 5826, 5827, 5828, 5830, 5831, 5833, 5835, 5837, 5838, 5839, 5840, 5842, 5845, 5846, 5848, 5849, 5851, 5854, 5855, 5856, 5858, 5859, 5860, 5862, 5864, 5867, 5869, 5875, 5877, 5879, 5880, 5885, 5887, 5889, 5890, 5891, 5892, 5893, 5894, 5895, 5898, 5899, 5900, 5901, 5904, 5905, 5906, 5907, 5908, 5909, 5912, 5913, 5915, 5917, 5919, 5921, 5923, 5925, 5927, 5929, 5932, 5933, 5936, 5937, 5940, 5941, 5943, 5948, 5950, 5951, 5952, 5953, 5954, 5955, 5956, 5963, 5965, 5968, 5969, 5970, 5971, 5973, 5974, 5977, 5979, 5980, 5981, 5982, 5983, 5984, 5987, 5988, 5989, 5990, 5992, 5993, 5994, 5995, 5997, 6000, 6010, 6011, 6014, 6015, 6016, 6017, 6018, 6021, 6029, 6030, 6032, 6033, 6035, 6036, 6038, 6039, 6041, 6042, 6044, 6046, 6048, 6050, 6051, 6052, 6053, 6055, 6058, 6059, 6061, 6062, 6063, 6064, 6065, 6066, 6067, 6068, 6069, 6070, 6073, 6074, 6075, 6076, 6077, 6078, 6080, 6081, 6083, 6085, 6093, 6096, 6097, 6098, 6100, 6111, 6112, 6121, 6122, 6132, 6135, 6137, 6139, 6142, 6145, 6148, 6151, 6153, 6159, 6161, 6169, 6170, 6171, 6174, 6175, 6182, 6183, 6188, 6189, 6195, 6196, 6201, 6202, 6209, 6210, 6211, 6217, 6218, 6226, 6227, 6232, 6233, 6240, 6241, 6247, 6248, 6254, 6256, 6258, 6259, 6260, 6262, 6292, 6293, 6294, 6296, 6297, 6298, 6300, 6301, 6302, 6303, 6305, 6307, 6309, 6311, 6314, 6315, 6316, 6317, 6318, 6319, 6321, 6322, 6325, 6327, 6328, 6329, 6330, 6332, 6333, 6334, 6335, 6336, 6338, 6340, 6341, 6343, 6344, 6346, 6347, 6349, 6350, 6352, 6353, 6354, 6356, 6357, 6358, 6359, 6361, 6363, 6366, 6368, 6370, 6371, 6372, 6373, 6375, 6376, 6378, 6379, 6380, 6381, 6382, 6383, 6384, 6385, 6386, 6389, 6390, 6392, 6394, 6395, 6396, 6402, 6403, 6409, 6410, 6411, 6413, 6418, 6419, 6426, 6428, 6431, 6434, 6440, 6453, 6455, 6456, 6457, 6459, 6461, 6464, 6466, 6468, 6469, 6477, 6478, 6487, 6495, 6503, 6504, 6505, 6506, 6507, 6508, 6515, 6516, 6519, 6521, 6522, 6523, 6525, 6527, 6528, 6529, 6530, 6532, 6533, 6535, 6536, 6537, 6538, 6540, 6541, 6544, 6546, 6548, 6551, 6553, 6555, 6557, 6558, 6565, 6572, 6573, 6579, 6586, 6588, 6602, 6604, 6611, 6612, 6613, 6615, 6617, 6618, 6619, 6620, 6621, 6622, 6624, 6625, 6627, 6628, 6629, 6630, 6631, 6634, 6643, 6645, 6648, 6650, 6652, 6653, 6654, 6661, 6668, 6669, 6670, 6677, 6684, 6686, 6693, 6694, 6696, 6697, 6704, 6705, 6712, 6713, 6721, 6723, 6725, 6726, 6733, 6734, 6741, 6742, 6750, 6752, 6754, 6755, 6762, 6768, 6769, 6776, 6783, 6809, 6811, 6813, 6816, 6819, 6821, 6822, 6823, 6830, 6831, 6834, 6835, 6837, 6838, 6839, 6841, 6844, 6846, 6847, 6850, 6851, 6852, 6854, 6857, 6858, 6859, 6861, 6864, 6865, 6866, 6867, 6869, 6871, 6872, 6875, 6876, 6877, 6880, 6883, 6884, 6885, 6888, 6890, 6891, 6892, 6893, 6900, 6901, 6902, 6904, 6906, 6907, 6909, 6910, 6911, 6918, 6919, 6921, 6922, 6923, 6925, 6928, 6929, 6931, 6933, 6934, 6935, 6936, 6939, 6941, 6942, 6945, 6946, 6947, 6949, 6952, 6953, 6954, 6956, 6959, 6960, 6961, 6962, 6964, 6966, 6967, 6970, 6971, 6972, 6974, 6975, 6978, 6979, 6980, 6983, 6986, 6987, 6988, 6989, 6990, 6993, 6995, 6996, 6997, 6998, 6999, 7006, 7007, 7008, 7009, 7011, 7014, 7015, 7023, 7024, 7031, 7033, 7034, 7037, 7045, 7046, 7048, 7049, 7051, 7052, 7054, 7055, 7057, 7058, 7060, 7062, 7064, 7066, 7067, 7070, 7071, 7074, 7075, 7081, 7083, 7084, 7085, 7087, 7088, 7089, 7090, 7091, 7092, 7095, 7096, 7097, 7098, 7100, 7101, 7102, 7103, 7104, 7105, 7106, 7107, 7109, 7111, 7114, 7115, 7117, 7118, 7119, 7120, 7126, 7129, 7131, 7132, 7133, 7138, 7140, 7141, 7146, 7148, 7151, 7152, 7153, 7154, 7155, 7156, 7158, 7161, 7162, 7163, 7165, 7171, 7172, 7177, 7178, 7180, 7182, 7184, 7185, 7188, 7189, 7190, 7192, 7197, 7199, 7200, 7203, 7204, 7205, 7207, 7212, 7215, 7216, 7217, 7218, 7219, 7225, 7228, 7230, 7231, 7232, 7237, 7239, 7240, 7244, 7245, 7246, 7247, 7249, 7251, 7253, 7254, 7257, 7258, 7260, 7261, 7263, 7265, 7271, 7272, 7277, 7283, 7286, 7287, 7289, 7295, 7296, 7301, 7307, 7308, 7309, 7311, 7316, 7317, 7322, 7325, 7326, 7330, 7331, 7332, 7337, 7339, 7342, 7343, 7346, 7347, 7348, 7351, 7352, 7354, 7355, 7358, 7359, 7361, 7362, 7365, 7366, 7368, 7369, 7371, 7372, 7373, 7375, 7378, 7380, 7381, 7382, 7383, 7384, 7385, 7386, 7387, 7388, 7389, 7390, 7392, 7393, 7394, 7395, 7396, 7397, 7403, 7404, 7407, 7408, 7409, 7410, 7412, 7415, 7418, 7419, 7420, 7423, 7424, 7426, 7427, 7428, 7429, 7430, 7431, 7432, 7433, 7434, 7436, 7437, 7438, 7439, 7440, 7441, 7442, 7445, 7446, 7449, 7450, 7451, 7452, 7454, 7456, 7457, 7458, 7459, 7460, 7461, 7462, 7463, 7464, 7465, 7466, 7467, 7468, 7471, 7472, 7473, 7474, 7475, 7476, 7477, 7478, 7479, 7480, 7481, 7484, 7485, 7486, 7488, 7491, 7492, 7493, 7494, 7495, 7496, 7498, 7500, 7502, 7509, 7510, 7511, 7513, 7515, 7518, 7519, 7522, 7524, 7526, 7527, 7534, 7535, 7536, 7542, 7543, 7544, 7545, 7546, 7553, 7554, 7555, 7556, 7557, 7564, 7567, 7569, 7570, 7572, 7573, 7574, 7575, 7576, 7577, 7579, 7580, 7581, 7582, 7583, 7591, 7593, 7594, 7595, 7596, 7598, 7602, 7605, 7606, 7609, 7610], "excluded_lines": [], "functions": {"AutoMLDashboard.__init__": {"executed_lines": [], "summary": {"covered_lines": 0, "num_statements": 2, "percent_covered": 0.0, "percent_covered_display": "0", "missing_lines": 2, "excluded_lines": 0, "percent_statements_covered": 0.0, "percent_statements_covered_display": "0"}, "missing_lines": [44, 46], "excluded_lines": [], "start_line": 43}, "AutoMLDashboard._get_jupyter_client": {"executed_lines": [], "summary": {"covered_lines": 0, "num_statements": 6, "percent_covered": 0.0, "percent_covered_display": "0", "missing_lines": 6, "excluded_lines": 0, "percent_statements_covered": 0.0, "percent_statements_covered_display": "0"}, "missing_lines": [50, 51, 52, 53, 54, 55], "excluded_lines": [], "start_line": 48}, "AutoMLDashboard.initialize_session_state": {"executed_lines": [], "summary": {"covered_lines": 0, "num_statements": 4, "percent_covered": 0.0, "percent_covered_display": "0", "missing_lines": 4, "excluded_lines": 0, "percent_statements_covered": 0.0, "percent_statements_covered_display": "0"}, "missing_lines": [59, 102, 103, 104], "excluded_lines": [], "start_line": 57}, "AutoMLDashboard.render": {"executed_lines": [], "summary": {"covered_lines": 0, "num_statements": 33, "percent_covered": 0.0, "percent_covered_display": "0", "missing_lines": 33, "excluded_lines": 0, "percent_statements_covered": 0.0, "percent_statements_covered_display": "0"}, "missing_lines": [109, 110, 116, 119, 120, 121, 124, 125, 126, 127, 129, 130, 131, 132, 135, 136, 137, 138, 139, 140, 141, 142, 143, 144, 147, 149, 150, 151, 152, 153, 154, 157, 158], "excluded_lines": [], "start_line": 106}, "AutoMLDashboard.render_welcome": {"executed_lines": [], "summary": {"covered_lines": 0, "num_statements": 2, "percent_covered": 0.0, "percent_covered_display": "0", "missing_lines": 2, "excluded_lines": 0, "percent_statements_covered": 0.0, "percent_statements_covered_display": "0"}, "missing_lines": [162, 164], "excluded_lines": [], "start_line": 160}, "AutoMLDashboard.render_welcome_stage": {"executed_lines": [], "summary": {"covered_lines": 0, "num_statements": 45, "percent_covered": 0.0, "percent_covered_display": "0", "missing_lines": 45, "excluded_lines": 0, "percent_statements_covered": 0.0, "percent_statements_covered_display": "0"}, "missing_lines": [186, 198, 209, 210, 212, 214, 215, 222, 223, 230, 231, 238, 240, 243, 244, 245, 248, 250, 252, 258, 259, 260, 267, 268, 269, 270, 271, 272, 275, 276, 284, 285, 286, 287, 288, 289, 292, 294, 297, 298, 300, 301, 302, 304, 306], "excluded_lines": [], "start_line": 183}, "AutoMLDashboard._render_dataset_overview_and_analyzer": {"executed_lines": [], "summary": {"covered_lines": 0, "num_statements": 182, "percent_covered": 0.0, "percent_covered_display": "0", "missing_lines": 182, "excluded_lines": 0, "percent_statements_covered": 0.0, "percent_statements_covered_display": "0"}, "missing_lines": [338, 339, 342, 344, 346, 347, 352, 353, 358, 359, 360, 361, 367, 368, 369, 370, 378, 379, 381, 388, 389, 390, 392, 395, 396, 397, 398, 399, 400, 403, 404, 405, 406, 407, 408, 410, 412, 421, 422, 428, 429, 432, 433, 434, 436, 437, 438, 439, 440, 441, 442, 443, 444, 445, 446, 447, 450, 451, 452, 454, 455, 456, 457, 458, 460, 461, 462, 463, 464, 466, 467, 469, 470, 471, 472, 473, 474, 478, 479, 482, 483, 484, 485, 486, 487, 488, 494, 495, 497, 499, 500, 501, 503, 505, 506, 509, 510, 511, 517, 518, 519, 520, 521, 524, 525, 526, 527, 529, 532, 533, 534, 536, 537, 538, 539, 541, 543, 546, 547, 548, 551, 552, 553, 555, 556, 557, 558, 560, 563, 564, 565, 568, 570, 571, 572, 573, 574, 575, 576, 577, 578, 579, 581, 582, 583, 584, 585, 587, 589, 590, 591, 592, 595, 597, 599, 600, 603, 604, 605, 606, 609, 610, 611, 612, 615, 616, 618, 620, 624, 627, 628, 631, 632, 635, 636, 638, 641, 642, 644, 645, 646, 647], "excluded_lines": [], "start_line": 336}, "AutoMLDashboard._generate_ai_dataset_analysis": {"executed_lines": [], "summary": {"covered_lines": 0, "num_statements": 12, "percent_covered": 0.0, "percent_covered_display": "0", "missing_lines": 12, "excluded_lines": 0, "percent_statements_covered": 0.0, "percent_statements_covered_display": "0"}, "missing_lines": [651, 653, 654, 656, 659, 660, 661, 662, 665, 667, 668, 669], "excluded_lines": [], "start_line": 649}, "AutoMLDashboard._generate_basic_dataset_analysis": {"executed_lines": [], "summary": {"covered_lines": 0, "num_statements": 29, "percent_covered": 0.0, "percent_covered_display": "0", "missing_lines": 29, "excluded_lines": 0, "percent_statements_covered": 0.0, "percent_statements_covered_display": "0"}, "missing_lines": [673, 675, 676, 677, 678, 681, 692, 693, 694, 695, 696, 700, 701, 702, 707, 713, 714, 715, 716, 719, 720, 721, 724, 725, 726, 728, 730, 731, 732], "excluded_lines": [], "start_line": 671}, "AutoMLDashboard._display_enhanced_ai_insights": {"executed_lines": [], "summary": {"covered_lines": 0, "num_statements": 51, "percent_covered": 0.0, "percent_covered_display": "0", "missing_lines": 51, "excluded_lines": 0, "percent_statements_covered": 0.0, "percent_statements_covered_display": "0"}, "missing_lines": [736, 737, 738, 741, 742, 743, 744, 745, 746, 747, 748, 749, 750, 751, 752, 754, 757, 758, 759, 760, 761, 762, 764, 767, 768, 769, 770, 771, 772, 774, 777, 778, 779, 780, 781, 782, 784, 787, 788, 789, 790, 791, 792, 794, 797, 798, 800, 802, 803, 817, 818], "excluded_lines": [], "start_line": 734}, "AutoMLDashboard.render_sidebar": {"executed_lines": [], "summary": {"covered_lines": 0, "num_statements": 110, "percent_covered": 0.0, "percent_covered_display": "0", "missing_lines": 110, "excluded_lines": 0, "percent_statements_covered": 0.0, "percent_statements_covered_display": "0"}, "missing_lines": [834, 837, 839, 840, 843, 846, 848, 856, 858, 861, 865, 866, 867, 869, 870, 873, 875, 876, 877, 878, 879, 882, 885, 887, 889, 890, 891, 894, 895, 897, 903, 905, 907, 910, 911, 912, 913, 915, 920, 923, 926, 927, 930, 931, 932, 933, 934, 935, 937, 940, 941, 942, 949, 950, 952, 955, 962, 963, 964, 965, 968, 969, 972, 973, 975, 981, 983, 984, 986, 987, 993, 995, 996, 1004, 1006, 1013, 1016, 1017, 1019, 1024, 1026, 1027, 1034, 1036, 1039, 1046, 1049, 1050, 1051, 1052, 1053, 1054, 1057, 1058, 1059, 1060, 1062, 1063, 1064, 1066, 1067, 1068, 1069, 1071, 1072, 1073, 1075, 1076, 1077, 1078], "excluded_lines": [], "start_line": 832}, "AutoMLDashboard.load_demo_data": {"executed_lines": [], "summary": {"covered_lines": 0, "num_statements": 17, "percent_covered": 0.0, "percent_covered_display": "0", "missing_lines": 17, "excluded_lines": 0, "percent_statements_covered": 0.0, "percent_statements_covered_display": "0"}, "missing_lines": [1082, 1083, 1088, 1089, 1090, 1091, 1092, 1093, 1094, 1095, 1097, 1098, 1099, 1100, 1101, 1102, 1103], "excluded_lines": [], "start_line": 1080}, "AutoMLDashboard.render_jupyter_connection": {"executed_lines": [], "summary": {"covered_lines": 0, "num_statements": 17, "percent_covered": 0.0, "percent_covered_display": "0", "missing_lines": 17, "excluded_lines": 0, "percent_statements_covered": 0.0, "percent_statements_covered_display": "0"}, "missing_lines": [1107, 1108, 1111, 1112, 1113, 1115, 1116, 1119, 1120, 1128, 1137, 1139, 1140, 1141, 1143, 1144, 1145], "excluded_lines": [], "start_line": 1105}, "AutoMLDashboard.connect_to_jupyter": {"executed_lines": [], "summary": {"covered_lines": 0, "num_statements": 30, "percent_covered": 0.0, "percent_covered_display": "0", "missing_lines": 30, "excluded_lines": 0, "percent_statements_covered": 0.0, "percent_statements_covered_display": "0"}, "missing_lines": [1151, 1152, 1154, 1155, 1156, 1159, 1160, 1163, 1164, 1166, 1167, 1168, 1169, 1170, 1173, 1174, 1176, 1177, 1179, 1180, 1181, 1182, 1183, 1184, 1186, 1187, 1188, 1189, 1190, 1191], "excluded_lines": [], "start_line": 1149}, "AutoMLDashboard.disconnect_jupyter": {"executed_lines": [], "summary": {"covered_lines": 0, "num_statements": 8, "percent_covered": 0.0, "percent_covered_display": "0", "missing_lines": 8, "excluded_lines": 0, "percent_statements_covered": 0.0, "percent_statements_covered_display": "0"}, "missing_lines": [1195, 1196, 1197, 1198, 1199, 1200, 1201, 1202], "excluded_lines": [], "start_line": 1193}, "AutoMLDashboard.run_automl_remote": {"executed_lines": [], "summary": {"covered_lines": 0, "num_statements": 18, "percent_covered": 0.0, "percent_covered_display": "0", "missing_lines": 18, "excluded_lines": 0, "percent_statements_covered": 0.0, "percent_statements_covered_display": "0"}, "missing_lines": [1206, 1207, 1208, 1209, 1218, 1219, 1227, 1229, 1230, 1231, 1235, 1239, 1241, 1242, 1250, 1251, 1252, 1253], "excluded_lines": [], "start_line": 1204}, "AutoMLDashboard.generate_cloud_notebook": {"executed_lines": [], "summary": {"covered_lines": 0, "num_statements": 24, "percent_covered": 0.0, "percent_covered_display": "0", "missing_lines": 24, "excluded_lines": 0, "percent_statements_covered": 0.0, "percent_statements_covered_display": "0"}, "missing_lines": [1257, 1258, 1261, 1262, 1263, 1264, 1267, 1275, 1276, 1279, 1281, 1298, 1299, 1301, 1310, 1311, 1312, 1314, 1320, 1321, 1323, 1324, 1325, 1326], "excluded_lines": [], "start_line": 1255}, "AutoMLDashboard.load_cloud_results": {"executed_lines": [], "summary": {"covered_lines": 0, "num_statements": 25, "percent_covered": 0.0, "percent_covered_display": "0", "missing_lines": 25, "excluded_lines": 0, "percent_statements_covered": 0.0, "percent_statements_covered_display": "0"}, "missing_lines": [1330, 1331, 1333, 1335, 1338, 1341, 1344, 1345, 1346, 1347, 1348, 1349, 1350, 1351, 1354, 1355, 1358, 1359, 1360, 1361, 1369, 1370, 1372, 1374, 1375], "excluded_lines": [], "start_line": 1328}, "AutoMLDashboard.run_automl": {"executed_lines": [], "summary": {"covered_lines": 0, "num_statements": 155, "percent_covered": 0.0, "percent_covered_display": "0", "missing_lines": 155, "excluded_lines": 0, "percent_statements_covered": 0.0, "percent_statements_covered_display": "0"}, "missing_lines": [1379, 1381, 1382, 1383, 1385, 1386, 1387, 1390, 1400, 1403, 1404, 1405, 1406, 1408, 1411, 1412, 1414, 1416, 1417, 1418, 1419, 1422, 1423, 1425, 1428, 1429, 1430, 1431, 1432, 1433, 1434, 1435, 1438, 1439, 1440, 1441, 1442, 1443, 1446, 1449, 1450, 1453, 1454, 1456, 1457, 1458, 1459, 1460, 1463, 1465, 1467, 1468, 1469, 1471, 1472, 1475, 1476, 1480, 1483, 1484, 1485, 1486, 1489, 1490, 1492, 1493, 1515, 1518, 1519, 1521, 1522, 1533, 1534, 1535, 1536, 1538, 1541, 1542, 1543, 1544, 1545, 1546, 1547, 1549, 1550, 1551, 1554, 1555, 1557, 1558, 1561, 1566, 1567, 1568, 1569, 1577, 1578, 1579, 1582, 1585, 1587, 1588, 1590, 1592, 1593, 1596, 1597, 1598, 1599, 1602, 1603, 1604, 1605, 1607, 1608, 1611, 1612, 1613, 1615, 1616, 1623, 1624, 1629, 1630, 1631, 1632, 1636, 1637, 1640, 1642, 1643, 1644, 1646, 1647, 1648, 1651, 1652, 1653, 1655, 1656, 1663, 1669, 1672, 1673, 1674, 1675, 1676, 1678, 1679, 1680, 1681, 1683, 1685, 1686, 1687], "excluded_lines": [], "start_line": 1377}, "AutoMLDashboard.run_professional_automl": {"executed_lines": [], "summary": {"covered_lines": 0, "num_statements": 95, "percent_covered": 0.0, "percent_covered_display": "0", "missing_lines": 95, "excluded_lines": 0, "percent_statements_covered": 0.0, "percent_statements_covered_display": "0"}, "missing_lines": [1701, 1702, 1705, 1706, 1708, 1709, 1710, 1713, 1714, 1715, 1716, 1717, 1720, 1721, 1723, 1724, 1725, 1726, 1727, 1729, 1730, 1731, 1732, 1733, 1735, 1736, 1737, 1740, 1743, 1752, 1756, 1759, 1761, 1768, 1769, 1774, 1775, 1777, 1778, 1781, 1784, 1785, 1786, 1787, 1788, 1789, 1790, 1791, 1792, 1793, 1797, 1798, 1801, 1804, 1811, 1812, 1813, 1814, 1815, 1818, 1819, 1821, 1828, 1829, 1832, 1833, 1834, 1835, 1838, 1839, 1840, 1843, 1844, 1847, 1848, 1849, 1852, 1854, 1856, 1857, 1858, 1859, 1861, 1864, 1871, 1872, 1874, 1875, 1878, 1879, 1881, 1882, 1883, 1884, 1885], "excluded_lines": [], "start_line": 1689}, "AutoMLDashboard._get_professional_model_candidates": {"executed_lines": [], "summary": {"covered_lines": 0, "num_statements": 45, "percent_covered": 0.0, "percent_covered_display": "0", "missing_lines": 45, "excluded_lines": 0, "percent_statements_covered": 0.0, "percent_statements_covered_display": "0"}, "missing_lines": [1889, 1890, 1891, 1892, 1893, 1894, 1895, 1897, 1898, 1899, 1900, 1901, 1903, 1904, 1905, 1906, 1907, 1909, 1910, 1916, 1917, 1918, 1919, 1922, 1923, 1926, 1927, 1930, 1931, 1933, 1934, 1939, 1940, 1941, 1942, 1944, 1945, 1947, 1948, 1950, 1951, 1954, 1960, 1961, 1963], "excluded_lines": [], "start_line": 1887}, "AutoMLDashboard._analyze_dataset_professionally": {"executed_lines": [], "summary": {"covered_lines": 0, "num_statements": 29, "percent_covered": 0.0, "percent_covered_display": "0", "missing_lines": 29, "excluded_lines": 0, "percent_statements_covered": 0.0, "percent_statements_covered_display": "0"}, "missing_lines": [1968, 1970, 1971, 1972, 1973, 1976, 1977, 1978, 1979, 1981, 1990, 1991, 1992, 1993, 1994, 1996, 1997, 2000, 2002, 2003, 2006, 2008, 2010, 2012, 2013, 2014, 2016, 2017, 2019], "excluded_lines": [], "start_line": 1965}, "AutoMLDashboard._display_professional_results": {"executed_lines": [], "summary": {"covered_lines": 0, "num_statements": 66, "percent_covered": 0.0, "percent_covered_display": "0", "missing_lines": 66, "excluded_lines": 0, "percent_statements_covered": 0.0, "percent_statements_covered_display": "0"}, "missing_lines": [2023, 2026, 2028, 2029, 2032, 2033, 2036, 2037, 2039, 2040, 2041, 2042, 2044, 2045, 2046, 2047, 2048, 2049, 2050, 2051, 2052, 2055, 2056, 2057, 2059, 2060, 2061, 2062, 2063, 2064, 2065, 2068, 2069, 2073, 2076, 2078, 2079, 2080, 2090, 2091, 2094, 2095, 2096, 2098, 2099, 2100, 2101, 2102, 2103, 2104, 2106, 2107, 2109, 2112, 2113, 2114, 2115, 2116, 2117, 2118, 2119, 2120, 2123, 2124, 2125, 2128], "excluded_lines": [], "start_line": 2021}, "AutoMLDashboard._show_professional_insights": {"executed_lines": [], "summary": {"covered_lines": 0, "num_statements": 36, "percent_covered": 0.0, "percent_covered_display": "0", "missing_lines": 36, "excluded_lines": 0, "percent_statements_covered": 0.0, "percent_statements_covered_display": "0"}, "missing_lines": [2132, 2134, 2135, 2137, 2140, 2141, 2143, 2145, 2146, 2149, 2150, 2151, 2154, 2155, 2157, 2158, 2159, 2160, 2162, 2163, 2166, 2167, 2169, 2170, 2173, 2174, 2177, 2178, 2180, 2181, 2184, 2186, 2195, 2196, 2199, 2200], "excluded_lines": [], "start_line": 2130}, "AutoMLDashboard.run_classification": {"executed_lines": [], "summary": {"covered_lines": 0, "num_statements": 175, "percent_covered": 0.0, "percent_covered_display": "0", "missing_lines": 175, "excluded_lines": 0, "percent_statements_covered": 0.0, "percent_statements_covered_display": "0"}, "missing_lines": [2224, 2227, 2230, 2233, 2239, 2242, 2243, 2245, 2248, 2249, 2250, 2253, 2259, 2260, 2261, 2262, 2264, 2266, 2269, 2270, 2273, 2274, 2275, 2277, 2280, 2282, 2284, 2285, 2286, 2289, 2290, 2291, 2294, 2297, 2298, 2300, 2301, 2302, 2305, 2308, 2309, 2311, 2312, 2319, 2320, 2321, 2323, 2326, 2327, 2328, 2331, 2332, 2334, 2336, 2337, 2340, 2341, 2343, 2344, 2345, 2348, 2349, 2350, 2351, 2354, 2355, 2356, 2357, 2358, 2361, 2362, 2363, 2365, 2366, 2374, 2375, 2376, 2378, 2384, 2385, 2387, 2388, 2389, 2392, 2393, 2394, 2396, 2397, 2399, 2400, 2401, 2402, 2404, 2405, 2408, 2409, 2412, 2415, 2418, 2419, 2420, 2421, 2422, 2423, 2424, 2425, 2427, 2428, 2429, 2432, 2435, 2438, 2439, 2440, 2447, 2448, 2449, 2450, 2451, 2452, 2454, 2459, 2460, 2461, 2462, 2463, 2464, 2467, 2470, 2471, 2472, 2473, 2475, 2477, 2480, 2483, 2484, 2486, 2487, 2488, 2490, 2491, 2493, 2494, 2495, 2497, 2499, 2505, 2508, 2509, 2512, 2513, 2514, 2516, 2517, 2518, 2520, 2523, 2524, 2527, 2528, 2529, 2530, 2531, 2533, 2534, 2535, 2538, 2539, 2542, 2543, 2544, 2548, 2551, 2552], "excluded_lines": [], "start_line": 2222}, "AutoMLDashboard.run_clustering": {"executed_lines": [], "summary": {"covered_lines": 0, "num_statements": 62, "percent_covered": 0.0, "percent_covered_display": "0", "missing_lines": 62, "excluded_lines": 0, "percent_statements_covered": 0.0, "percent_statements_covered_display": "0"}, "missing_lines": [2557, 2560, 2561, 2563, 2564, 2566, 2567, 2568, 2580, 2581, 2582, 2584, 2587, 2590, 2591, 2592, 2593, 2596, 2597, 2600, 2603, 2606, 2607, 2608, 2610, 2611, 2612, 2615, 2616, 2617, 2624, 2625, 2627, 2628, 2629, 2630, 2632, 2635, 2636, 2638, 2639, 2642, 2643, 2645, 2647, 2650, 2651, 2653, 2654, 2656, 2657, 2659, 2660, 2661, 2663, 2665, 2666, 2667, 2670, 2671, 2674, 2675], "excluded_lines": [], "start_line": 2554}, "AutoMLDashboard._evaluate_dimred_hybrid": {"executed_lines": [], "summary": {"covered_lines": 0, "num_statements": 29, "percent_covered": 0.0, "percent_covered_display": "0", "missing_lines": 29, "excluded_lines": 0, "percent_statements_covered": 0.0, "percent_statements_covered_display": "0"}, "missing_lines": [2689, 2690, 2691, 2692, 2694, 2695, 2697, 2699, 2700, 2701, 2702, 2704, 2707, 2709, 2712, 2717, 2718, 2719, 2721, 2722, 2725, 2730, 2731, 2732, 2734, 2736, 2738, 2740, 2741], "excluded_lines": [], "start_line": 2677}, "AutoMLDashboard._evaluate_pca_clustering_phase": {"executed_lines": [], "summary": {"covered_lines": 0, "num_statements": 54, "percent_covered": 0.0, "percent_covered_display": "0", "missing_lines": 54, "excluded_lines": 0, "percent_statements_covered": 0.0, "percent_statements_covered_display": "0"}, "missing_lines": [2760, 2761, 2762, 2765, 2766, 2767, 2768, 2769, 2770, 2771, 2772, 2774, 2775, 2776, 2778, 2779, 2780, 2781, 2784, 2786, 2787, 2788, 2789, 2790, 2791, 2792, 2793, 2794, 2795, 2798, 2799, 2801, 2803, 2804, 2805, 2806, 2808, 2809, 2811, 2812, 2813, 2814, 2815, 2816, 2817, 2820, 2823, 2824, 2825, 2826, 2828, 2830, 2831, 2842], "excluded_lines": [], "start_line": 2748}, "AutoMLDashboard.render_tabs": {"executed_lines": [], "summary": {"covered_lines": 0, "num_statements": 30, "percent_covered": 0.0, "percent_covered_display": "0", "missing_lines": 30, "excluded_lines": 0, "percent_statements_covered": 0.0, "percent_statements_covered_display": "0"}, "missing_lines": [2855, 2856, 2858, 2860, 2869, 2871, 2882, 2891, 2892, 2895, 2896, 2897, 2900, 2901, 2902, 2903, 2905, 2908, 2910, 2911, 2913, 2916, 2918, 2919, 2921, 2922, 2924, 2925, 2927, 2928], "excluded_lines": [], "start_line": 2852}, "AutoMLDashboard.render_professional_automl_tab": {"executed_lines": [], "summary": {"covered_lines": 0, "num_statements": 29, "percent_covered": 0.0, "percent_covered_display": "0", "missing_lines": 29, "excluded_lines": 0, "percent_statements_covered": 0.0, "percent_statements_covered_display": "0"}, "missing_lines": [2932, 2934, 2935, 2937, 2938, 2939, 2942, 2943, 2946, 2947, 2948, 2950, 2951, 2952, 2953, 2954, 2955, 2956, 2957, 2958, 2961, 2962, 2963, 2964, 2965, 2966, 2967, 2968, 2969], "excluded_lines": [], "start_line": 2930}, "AutoMLDashboard.render_pca_analysis": {"executed_lines": [], "summary": {"covered_lines": 0, "num_statements": 144, "percent_covered": 0.0, "percent_covered_display": "0", "missing_lines": 144, "excluded_lines": 0, "percent_statements_covered": 0.0, "percent_statements_covered_display": "0"}, "missing_lines": [2973, 2975, 2976, 2977, 2980, 2981, 2983, 2984, 2986, 2987, 2992, 2998, 2999, 3000, 3001, 3002, 3005, 3006, 3007, 3009, 3010, 3013, 3014, 3021, 3022, 3023, 3026, 3027, 3028, 3031, 3034, 3042, 3043, 3044, 3045, 3046, 3048, 3049, 3050, 3056, 3059, 3061, 3063, 3064, 3067, 3070, 3071, 3073, 3074, 3076, 3077, 3078, 3080, 3081, 3082, 3083, 3085, 3086, 3087, 3088, 3089, 3090, 3093, 3094, 3095, 3096, 3097, 3098, 3099, 3101, 3102, 3104, 3105, 3108, 3109, 3111, 3113, 3114, 3116, 3117, 3120, 3121, 3122, 3125, 3126, 3127, 3128, 3129, 3132, 3133, 3134, 3137, 3139, 3145, 3146, 3147, 3150, 3151, 3153, 3154, 3155, 3158, 3159, 3174, 3190, 3191, 3194, 3195, 3196, 3197, 3198, 3200, 3202, 3203, 3205, 3206, 3208, 3209, 3210, 3211, 3212, 3213, 3215, 3217, 3218, 3219, 3220, 3221, 3222, 3224, 3226, 3228, 3229, 3231, 3232, 3233, 3234, 3236, 3238, 3239, 3240, 3241, 3244, 3245], "excluded_lines": [], "start_line": 2971}, "AutoMLDashboard.render_data_overview": {"executed_lines": [], "summary": {"covered_lines": 0, "num_statements": 172, "percent_covered": 0.0, "percent_covered_display": "0", "missing_lines": 172, "excluded_lines": 0, "percent_statements_covered": 0.0, "percent_statements_covered_display": "0"}, "missing_lines": [3250, 3252, 3255, 3258, 3259, 3260, 3261, 3262, 3263, 3264, 3266, 3267, 3269, 3270, 3277, 3278, 3279, 3281, 3282, 3285, 3287, 3293, 3299, 3305, 3310, 3311, 3312, 3314, 3315, 3317, 3318, 3319, 3322, 3323, 3326, 3327, 3328, 3331, 3332, 3333, 3334, 3335, 3336, 3338, 3339, 3340, 3342, 3345, 3346, 3347, 3348, 3349, 3351, 3354, 3355, 3356, 3357, 3360, 3362, 3364, 3365, 3366, 3367, 3368, 3369, 3371, 3373, 3375, 3376, 3377, 3378, 3379, 3380, 3382, 3385, 3386, 3387, 3390, 3391, 3392, 3393, 3394, 3395, 3397, 3400, 3401, 3402, 3403, 3404, 3405, 3407, 3410, 3411, 3412, 3413, 3414, 3415, 3417, 3420, 3421, 3422, 3423, 3424, 3425, 3427, 3430, 3431, 3432, 3433, 3434, 3435, 3437, 3440, 3441, 3442, 3445, 3446, 3447, 3448, 3449, 3450, 3452, 3455, 3462, 3463, 3464, 3465, 3466, 3467, 3468, 3470, 3472, 3474, 3475, 3476, 3477, 3478, 3479, 3480, 3481, 3482, 3485, 3486, 3487, 3489, 3490, 3496, 3497, 3498, 3500, 3501, 3504, 3505, 3506, 3509, 3510, 3511, 3512, 3513, 3515, 3516, 3518, 3519, 3520, 3521, 3522, 3525, 3528, 3529, 3530, 3531, 3532], "excluded_lines": [], "start_line": 3248}, "AutoMLDashboard.render_classification_results": {"executed_lines": [], "summary": {"covered_lines": 0, "num_statements": 174, "percent_covered": 0.0, "percent_covered_display": "0", "missing_lines": 174, "excluded_lines": 0, "percent_statements_covered": 0.0, "percent_statements_covered_display": "0"}, "missing_lines": [3536, 3538, 3539, 3540, 3543, 3545, 3546, 3547, 3550, 3551, 3552, 3564, 3567, 3580, 3586, 3594, 3595, 3612, 3613, 3616, 3621, 3626, 3633, 3642, 3643, 3644, 3645, 3647, 3648, 3649, 3650, 3653, 3662, 3665, 3666, 3688, 3689, 3690, 3692, 3695, 3696, 3698, 3699, 3700, 3701, 3702, 3703, 3704, 3705, 3708, 3709, 3710, 3719, 3720, 3721, 3723, 3724, 3725, 3726, 3727, 3728, 3731, 3732, 3733, 3735, 3736, 3738, 3739, 3740, 3741, 3742, 3743, 3744, 3745, 3748, 3750, 3751, 3752, 3753, 3754, 3757, 3759, 3769, 3771, 3772, 3775, 3776, 3777, 3784, 3786, 3797, 3798, 3799, 3800, 3802, 3803, 3805, 3806, 3807, 3810, 3817, 3818, 3821, 3822, 3823, 3824, 3829, 3832, 3853, 3854, 3855, 3858, 3859, 3861, 3863, 3864, 3865, 3866, 3868, 3871, 3873, 3874, 3876, 3877, 3878, 3879, 3881, 3882, 3883, 3885, 3886, 3887, 3888, 3889, 3891, 3893, 3895, 3896, 3897, 3900, 3902, 3903, 3904, 3906, 3907, 3909, 3910, 3911, 3913, 3914, 3915, 3918, 3919, 3920, 3921, 3922, 3923, 3931, 3934, 3935, 3936, 3937, 3938, 3944, 3945, 3946, 3949, 3950, 3951, 3952, 3954, 3955, 3959, 3961], "excluded_lines": [], "start_line": 3534}, "AutoMLDashboard.render_clustering_results": {"executed_lines": [], "summary": {"covered_lines": 0, "num_statements": 65, "percent_covered": 0.0, "percent_covered_display": "0", "missing_lines": 65, "excluded_lines": 0, "percent_statements_covered": 0.0, "percent_statements_covered_display": "0"}, "missing_lines": [3965, 3967, 3968, 3969, 3972, 3973, 3974, 3975, 3976, 3977, 3980, 3981, 3982, 3985, 3992, 4013, 4014, 4016, 4017, 4019, 4020, 4022, 4023, 4025, 4026, 4027, 4028, 4029, 4031, 4033, 4034, 4035, 4038, 4039, 4040, 4043, 4044, 4045, 4046, 4047, 4056, 4059, 4060, 4061, 4062, 4065, 4066, 4068, 4069, 4070, 4071, 4072, 4075, 4076, 4077, 4078, 4080, 4081, 4082, 4083, 4087, 4089, 4090, 4091, 4095], "excluded_lines": [], "start_line": 3963}, "AutoMLDashboard.render_explainability": {"executed_lines": [], "summary": {"covered_lines": 0, "num_statements": 248, "percent_covered": 0.0, "percent_covered_display": "0", "missing_lines": 248, "excluded_lines": 0, "percent_statements_covered": 0.0, "percent_statements_covered_display": "0"}, "missing_lines": [4099, 4101, 4102, 4103, 4106, 4109, 4110, 4117, 4119, 4120, 4123, 4124, 4128, 4129, 4130, 4133, 4134, 4136, 4137, 4138, 4140, 4142, 4143, 4144, 4146, 4147, 4148, 4151, 4152, 4156, 4157, 4160, 4165, 4166, 4173, 4174, 4176, 4177, 4179, 4180, 4181, 4183, 4185, 4186, 4187, 4188, 4189, 4190, 4191, 4192, 4193, 4195, 4196, 4197, 4200, 4201, 4202, 4203, 4205, 4208, 4209, 4212, 4213, 4215, 4217, 4218, 4220, 4221, 4222, 4223, 4224, 4225, 4228, 4229, 4230, 4231, 4234, 4236, 4256, 4257, 4260, 4262, 4263, 4264, 4265, 4268, 4269, 4271, 4272, 4274, 4275, 4277, 4278, 4279, 4280, 4281, 4283, 4286, 4287, 4289, 4291, 4292, 4294, 4295, 4297, 4298, 4299, 4300, 4303, 4304, 4305, 4306, 4307, 4310, 4312, 4313, 4314, 4315, 4317, 4319, 4321, 4322, 4328, 4329, 4330, 4332, 4334, 4335, 4338, 4340, 4359, 4360, 4363, 4366, 4381, 4382, 4385, 4387, 4388, 4389, 4392, 4393, 4395, 4396, 4398, 4399, 4400, 4401, 4402, 4404, 4406, 4407, 4408, 4409, 4410, 4412, 4414, 4415, 4418, 4419, 4420, 4422, 4423, 4424, 4427, 4428, 4430, 4433, 4434, 4437, 4438, 4439, 4440, 4442, 4443, 4448, 4449, 4450, 4451, 4452, 4453, 4455, 4457, 4459, 4460, 4467, 4470, 4473, 4474, 4475, 4478, 4479, 4482, 4483, 4484, 4485, 4489, 4490, 4491, 4492, 4493, 4494, 4497, 4498, 4501, 4502, 4503, 4504, 4508, 4509, 4510, 4511, 4512, 4513, 4516, 4518, 4519, 4520, 4521, 4522, 4523, 4526, 4527, 4528, 4529, 4534, 4536, 4537, 4538, 4539, 4543, 4545, 4546, 4547, 4548, 4552, 4554, 4555, 4556, 4557, 4558, 4563, 4566, 4567, 4568, 4569, 4570, 4574], "excluded_lines": [], "start_line": 4097}, "AutoMLDashboard.render_recommendation": {"executed_lines": [], "summary": {"covered_lines": 0, "num_statements": 280, "percent_covered": 0.0, "percent_covered_display": "0", "missing_lines": 280, "excluded_lines": 0, "percent_statements_covered": 0.0, "percent_statements_covered_display": "0"}, "missing_lines": [4578, 4580, 4581, 4582, 4583, 4585, 4588, 4589, 4590, 4593, 4596, 4597, 4598, 4599, 4600, 4602, 4603, 4604, 4607, 4608, 4610, 4617, 4623, 4624, 4625, 4628, 4629, 4630, 4631, 4633, 4634, 4637, 4647, 4648, 4649, 4652, 4653, 4654, 4656, 4666, 4667, 4669, 4671, 4672, 4680, 4687, 4689, 4690, 4693, 4694, 4695, 4696, 4697, 4698, 4701, 4702, 4704, 4705, 4706, 4707, 4712, 4713, 4715, 4733, 4734, 4736, 4737, 4739, 4740, 4742, 4743, 4744, 4745, 4746, 4748, 4750, 4751, 4753, 4754, 4755, 4758, 4761, 4762, 4763, 4766, 4767, 4775, 4783, 4784, 4785, 4786, 4787, 4788, 4789, 4792, 4793, 4794, 4797, 4798, 4799, 4800, 4801, 4805, 4808, 4809, 4810, 4812, 4813, 4815, 4816, 4817, 4820, 4821, 4822, 4823, 4825, 4831, 4853, 4854, 4856, 4857, 4859, 4860, 4861, 4862, 4863, 4865, 4867, 4868, 4869, 4870, 4871, 4873, 4875, 4876, 4878, 4879, 4881, 4882, 4883, 4886, 4887, 4890, 4892, 4893, 4895, 4896, 4897, 4898, 4900, 4902, 4903, 4904, 4905, 4906, 4908, 4910, 4912, 4913, 4914, 4915, 4916, 4918, 4919, 4920, 4921, 4924, 4925, 4927, 4928, 4929, 4930, 4931, 4932, 4933, 4937, 4940, 4943, 4944, 4945, 4946, 4947, 4949, 4952, 4953, 4954, 4955, 4956, 4958, 4959, 4960, 4962, 4964, 4971, 4972, 4975, 4976, 4979, 4986, 4998, 4999, 5006, 5008, 5016, 5017, 5020, 5021, 5028, 5030, 5042, 5052, 5055, 5058, 5059, 5060, 5062, 5063, 5064, 5065, 5067, 5069, 5070, 5073, 5076, 5077, 5079, 5080, 5081, 5083, 5084, 5086, 5094, 5097, 5099, 5100, 5101, 5103, 5115, 5116, 5124, 5135, 5138, 5149, 5159, 5161, 5162, 5165, 5166, 5169, 5170, 5171, 5173, 5175, 5177, 5180, 5181, 5182, 5183, 5185, 5186, 5187, 5189, 5191, 5194, 5200, 5201, 5204, 5205, 5206, 5208, 5210, 5211, 5218, 5225, 5227, 5235, 5238, 5240, 5241, 5242], "excluded_lines": [], "start_line": 4576}, "AutoMLDashboard.render_report": {"executed_lines": [], "summary": {"covered_lines": 0, "num_statements": 121, "percent_covered": 0.0, "percent_covered_display": "0", "missing_lines": 121, "excluded_lines": 0, "percent_statements_covered": 0.0, "percent_statements_covered_display": "0"}, "missing_lines": [5246, 5248, 5249, 5250, 5253, 5254, 5255, 5256, 5258, 5259, 5261, 5262, 5263, 5264, 5265, 5267, 5272, 5278, 5279, 5280, 5281, 5284, 5289, 5293, 5298, 5304, 5305, 5306, 5307, 5312, 5313, 5316, 5320, 5345, 5346, 5349, 5350, 5351, 5353, 5354, 5355, 5357, 5358, 5359, 5360, 5361, 5363, 5365, 5366, 5367, 5369, 5370, 5371, 5372, 5373, 5375, 5377, 5378, 5379, 5380, 5381, 5383, 5385, 5386, 5387, 5389, 5390, 5391, 5394, 5395, 5398, 5400, 5401, 5403, 5404, 5405, 5406, 5407, 5409, 5417, 5418, 5425, 5426, 5427, 5428, 5429, 5430, 5432, 5440, 5443, 5444, 5446, 5454, 5455, 5457, 5458, 5459, 5460, 5462, 5464, 5465, 5467, 5468, 5470, 5471, 5473, 5474, 5477, 5479, 5480, 5482, 5483, 5484, 5486, 5487, 5488, 5497, 5498, 5505, 5506, 5507], "excluded_lines": [], "start_line": 5244}, "AutoMLDashboard._generate_basic_insights": {"executed_lines": [], "summary": {"covered_lines": 0, "num_statements": 122, "percent_covered": 0.0, "percent_covered_display": "0", "missing_lines": 122, "excluded_lines": 0, "percent_statements_covered": 0.0, "percent_statements_covered_display": "0"}, "missing_lines": [5511, 5512, 5513, 5515, 5516, 5517, 5520, 5521, 5522, 5523, 5526, 5528, 5529, 5530, 5533, 5534, 5535, 5536, 5537, 5538, 5539, 5540, 5541, 5542, 5543, 5545, 5546, 5549, 5550, 5551, 5553, 5556, 5557, 5558, 5560, 5561, 5563, 5564, 5565, 5566, 5567, 5569, 5570, 5572, 5574, 5575, 5576, 5577, 5578, 5580, 5581, 5582, 5585, 5586, 5587, 5588, 5589, 5590, 5591, 5593, 5594, 5596, 5597, 5598, 5599, 5602, 5603, 5604, 5606, 5607, 5609, 5610, 5612, 5613, 5615, 5616, 5617, 5618, 5619, 5620, 5622, 5624, 5625, 5627, 5628, 5629, 5630, 5632, 5633, 5634, 5637, 5638, 5641, 5642, 5643, 5644, 5647, 5648, 5649, 5650, 5651, 5653, 5654, 5655, 5656, 5659, 5660, 5661, 5664, 5665, 5666, 5667, 5669, 5672, 5673, 5674, 5675, 5676, 5677, 5679, 5686, 5688], "excluded_lines": [], "start_line": 5509}, "AutoMLDashboard.render_configuration_stage": {"executed_lines": [], "summary": {"covered_lines": 0, "num_statements": 63, "percent_covered": 0.0, "percent_covered_display": "0", "missing_lines": 63, "excluded_lines": 0, "percent_statements_covered": 0.0, "percent_statements_covered_display": "0"}, "missing_lines": [5698, 5701, 5703, 5704, 5705, 5706, 5708, 5709, 5711, 5713, 5715, 5718, 5719, 5722, 5723, 5724, 5725, 5726, 5727, 5728, 5729, 5730, 5731, 5732, 5733, 5734, 5737, 5744, 5745, 5747, 5748, 5750, 5751, 5753, 5754, 5757, 5758, 5761, 5763, 5765, 5768, 5769, 5770, 5772, 5773, 5775, 5776, 5777, 5779, 5780, 5781, 5782, 5784, 5785, 5787, 5790, 5792, 5793, 5794, 5796, 5797, 5798, 5800], "excluded_lines": [], "start_line": 5695}, "AutoMLDashboard._determine_execution_mode": {"executed_lines": [], "summary": {"covered_lines": 0, "num_statements": 2, "percent_covered": 0.0, "percent_covered_display": "0", "missing_lines": 2, "excluded_lines": 0, "percent_statements_covered": 0.0, "percent_statements_covered_display": "0"}, "missing_lines": [5805, 5818], "excluded_lines": [], "start_line": 5802}, "AutoMLDashboard.render_results_stage": {"executed_lines": [], "summary": {"covered_lines": 0, "num_statements": 25, "percent_covered": 0.0, "percent_covered_display": "0", "missing_lines": 25, "excluded_lines": 0, "percent_statements_covered": 0.0, "percent_statements_covered_display": "0"}, "missing_lines": [5823, 5825, 5826, 5827, 5828, 5830, 5831, 5833, 5835, 5837, 5838, 5839, 5840, 5842, 5845, 5846, 5848, 5849, 5851, 5854, 5855, 5856, 5858, 5859, 5860], "excluded_lines": [], "start_line": 5820}, "AutoMLDashboard._render_unified_task_tab": {"executed_lines": [], "summary": {"covered_lines": 0, "num_statements": 28, "percent_covered": 0.0, "percent_covered_display": "0", "missing_lines": 28, "excluded_lines": 0, "percent_statements_covered": 0.0, "percent_statements_covered_display": "0"}, "missing_lines": [5864, 5867, 5869, 5875, 5877, 5879, 5880, 5885, 5887, 5889, 5890, 5891, 5892, 5893, 5894, 5895, 5898, 5899, 5900, 5901, 5904, 5905, 5906, 5907, 5908, 5909, 5912, 5913], "excluded_lines": [], "start_line": 5862}, "AutoMLDashboard._render_unified_model_tab": {"executed_lines": [], "summary": {"covered_lines": 0, "num_statements": 1, "percent_covered": 0.0, "percent_covered_display": "0", "missing_lines": 1, "excluded_lines": 0, "percent_statements_covered": 0.0, "percent_statements_covered_display": "0"}, "missing_lines": [5917], "excluded_lines": [], "start_line": 5915}, "AutoMLDashboard._render_unified_optimization_tab": {"executed_lines": [], "summary": {"covered_lines": 0, "num_statements": 1, "percent_covered": 0.0, "percent_covered_display": "0", "missing_lines": 1, "excluded_lines": 0, "percent_statements_covered": 0.0, "percent_statements_covered_display": "0"}, "missing_lines": [5921], "excluded_lines": [], "start_line": 5919}, "AutoMLDashboard._render_unified_advanced_tab": {"executed_lines": [], "summary": {"covered_lines": 0, "num_statements": 1, "percent_covered": 0.0, "percent_covered_display": "0", "missing_lines": 1, "excluded_lines": 0, "percent_statements_covered": 0.0, "percent_statements_covered_display": "0"}, "missing_lines": [5925], "excluded_lines": [], "start_line": 5923}, "AutoMLDashboard._check_configuration_readiness": {"executed_lines": [], "summary": {"covered_lines": 0, "num_statements": 8, "percent_covered": 0.0, "percent_covered_display": "0", "missing_lines": 8, "excluded_lines": 0, "percent_statements_covered": 0.0, "percent_statements_covered_display": "0"}, "missing_lines": [5929, 5932, 5933, 5936, 5937, 5940, 5941, 5943], "excluded_lines": [], "start_line": 5927}, "AutoMLDashboard._execute_automl": {"executed_lines": [], "summary": {"covered_lines": 0, "num_statements": 30, "percent_covered": 0.0, "percent_covered_display": "0", "missing_lines": 30, "excluded_lines": 0, "percent_statements_covered": 0.0, "percent_statements_covered_display": "0"}, "missing_lines": [5950, 5951, 5952, 5953, 5954, 5955, 5956, 5963, 5965, 5968, 5969, 5970, 5971, 5973, 5974, 5977, 5979, 5980, 5981, 5982, 5983, 5984, 5987, 5988, 5989, 5990, 5992, 5993, 5994, 5995], "excluded_lines": [], "start_line": 5948}, "AutoMLDashboard.render_configuration_dashboard": {"executed_lines": [], "summary": {"covered_lines": 0, "num_statements": 20, "percent_covered": 0.0, "percent_covered_display": "0", "missing_lines": 20, "excluded_lines": 0, "percent_statements_covered": 0.0, "percent_statements_covered_display": "0"}, "missing_lines": [6000, 6010, 6011, 6014, 6015, 6016, 6017, 6018, 6021, 6029, 6030, 6032, 6033, 6035, 6036, 6038, 6039, 6041, 6042, 6044], "excluded_lines": [], "start_line": 5997}, "AutoMLDashboard._render_dataset_analysis_tab": {"executed_lines": [], "summary": {"covered_lines": 0, "num_statements": 26, "percent_covered": 0.0, "percent_covered_display": "0", "missing_lines": 26, "excluded_lines": 0, "percent_statements_covered": 0.0, "percent_statements_covered_display": "0"}, "missing_lines": [6048, 6050, 6051, 6052, 6053, 6055, 6058, 6059, 6061, 6062, 6063, 6064, 6065, 6066, 6067, 6068, 6069, 6070, 6073, 6074, 6075, 6076, 6077, 6078, 6080, 6081], "excluded_lines": [], "start_line": 6046}, "AutoMLDashboard._analyze_dataset_for_config": {"executed_lines": [], "summary": {"covered_lines": 0, "num_statements": 13, "percent_covered": 0.0, "percent_covered_display": "0", "missing_lines": 13, "excluded_lines": 0, "percent_statements_covered": 0.0, "percent_statements_covered_display": "0"}, "missing_lines": [6085, 6093, 6096, 6097, 6098, 6100, 6111, 6112, 6121, 6122, 6132, 6135, 6137], "excluded_lines": [], "start_line": 6083}, "AutoMLDashboard._estimate_training_time": {"executed_lines": [], "summary": {"covered_lines": 0, "num_statements": 5, "percent_covered": 0.0, "percent_covered_display": "0", "missing_lines": 5, "excluded_lines": 0, "percent_statements_covered": 0.0, "percent_statements_covered_display": "0"}, "missing_lines": [6142, 6145, 6148, 6151, 6153], "excluded_lines": [], "start_line": 6139}, "AutoMLDashboard._generate_config_recommendations": {"executed_lines": [], "summary": {"covered_lines": 0, "num_statements": 28, "percent_covered": 0.0, "percent_covered_display": "0", "missing_lines": 28, "excluded_lines": 0, "percent_statements_covered": 0.0, "percent_statements_covered_display": "0"}, "missing_lines": [6161, 6169, 6170, 6171, 6174, 6175, 6182, 6183, 6188, 6189, 6195, 6196, 6201, 6202, 6209, 6210, 6211, 6217, 6218, 6226, 6227, 6232, 6233, 6240, 6241, 6247, 6248, 6254], "excluded_lines": [], "start_line": 6159}, "AutoMLDashboard._generate_auto_config": {"executed_lines": [], "summary": {"covered_lines": 0, "num_statements": 16, "percent_covered": 0.0, "percent_covered_display": "0", "missing_lines": 16, "excluded_lines": 0, "percent_statements_covered": 0.0, "percent_statements_covered_display": "0"}, "missing_lines": [6258, 6259, 6260, 6262, 6292, 6293, 6294, 6296, 6297, 6298, 6300, 6301, 6302, 6303, 6305, 6307], "excluded_lines": [], "start_line": 6256}, "AutoMLDashboard._display_dataset_analysis": {"executed_lines": [], "summary": {"covered_lines": 0, "num_statements": 77, "percent_covered": 0.0, "percent_covered_display": "0", "missing_lines": 77, "excluded_lines": 0, "percent_statements_covered": 0.0, "percent_statements_covered_display": "0"}, "missing_lines": [6311, 6314, 6315, 6316, 6317, 6318, 6319, 6321, 6322, 6325, 6327, 6328, 6329, 6330, 6332, 6333, 6334, 6335, 6336, 6338, 6340, 6341, 6343, 6344, 6346, 6347, 6349, 6350, 6352, 6353, 6354, 6356, 6357, 6358, 6359, 6361, 6363, 6366, 6368, 6370, 6371, 6372, 6373, 6375, 6376, 6378, 6379, 6380, 6381, 6382, 6383, 6384, 6385, 6386, 6389, 6390, 6392, 6394, 6395, 6396, 6402, 6403, 6409, 6410, 6411, 6413, 6418, 6419, 6426, 6428, 6431, 6434, 6440, 6453, 6455, 6456, 6457], "excluded_lines": [], "start_line": 6309}, "AutoMLDashboard._render_model_selection_tab": {"executed_lines": [], "summary": {"covered_lines": 0, "num_statements": 35, "percent_covered": 0.0, "percent_covered_display": "0", "missing_lines": 35, "excluded_lines": 0, "percent_statements_covered": 0.0, "percent_statements_covered_display": "0"}, "missing_lines": [6461, 6464, 6466, 6468, 6469, 6477, 6478, 6487, 6495, 6503, 6504, 6505, 6506, 6507, 6508, 6515, 6516, 6519, 6521, 6522, 6523, 6525, 6527, 6528, 6529, 6530, 6532, 6533, 6535, 6536, 6537, 6538, 6540, 6541, 6544], "excluded_lines": [], "start_line": 6459}, "AutoMLDashboard._render_optimization_tab": {"executed_lines": [], "summary": {"covered_lines": 0, "num_statements": 32, "percent_covered": 0.0, "percent_covered_display": "0", "missing_lines": 32, "excluded_lines": 0, "percent_statements_covered": 0.0, "percent_statements_covered_display": "0"}, "missing_lines": [6548, 6551, 6553, 6555, 6557, 6558, 6565, 6572, 6573, 6579, 6586, 6588, 6602, 6604, 6611, 6612, 6613, 6615, 6617, 6618, 6619, 6620, 6621, 6622, 6624, 6625, 6627, 6628, 6629, 6630, 6631, 6634], "excluded_lines": [], "start_line": 6546}, "AutoMLDashboard._render_advanced_tab": {"executed_lines": [], "summary": {"covered_lines": 0, "num_statements": 39, "percent_covered": 0.0, "percent_covered_display": "0", "missing_lines": 39, "excluded_lines": 0, "percent_statements_covered": 0.0, "percent_statements_covered_display": "0"}, "missing_lines": [6645, 6648, 6650, 6652, 6653, 6654, 6661, 6668, 6669, 6670, 6677, 6684, 6686, 6693, 6694, 6696, 6697, 6704, 6705, 6712, 6713, 6721, 6723, 6725, 6726, 6733, 6734, 6741, 6742, 6750, 6752, 6754, 6755, 6762, 6768, 6769, 6776, 6783, 6809], "excluded_lines": [], "start_line": 6643}, "AutoMLDashboard._render_execution_tab": {"executed_lines": [], "summary": {"covered_lines": 0, "num_statements": 113, "percent_covered": 0.0, "percent_covered_display": "0", "missing_lines": 113, "excluded_lines": 0, "percent_statements_covered": 0.0, "percent_statements_covered_display": "0"}, "missing_lines": [6813, 6816, 6819, 6821, 6822, 6823, 6830, 6831, 6834, 6835, 6837, 6838, 6839, 6841, 6844, 6846, 6847, 6850, 6851, 6852, 6854, 6857, 6858, 6859, 6861, 6864, 6865, 6866, 6867, 6869, 6871, 6872, 6875, 6876, 6877, 6880, 6883, 6884, 6885, 6888, 6890, 6891, 6892, 6893, 6900, 6901, 6902, 6904, 6906, 6907, 6909, 6910, 6911, 6918, 6919, 6921, 6922, 6923, 6925, 6928, 6929, 6931, 6933, 6934, 6935, 6936, 6939, 6941, 6942, 6945, 6946, 6947, 6949, 6952, 6953, 6954, 6956, 6959, 6960, 6961, 6962, 6964, 6966, 6967, 6970, 6971, 6972, 6974, 6975, 6978, 6979, 6980, 6983, 6986, 6987, 6988, 6989, 6990, 6993, 6995, 6996, 6997, 6998, 6999, 7006, 7007, 7008, 7009, 7011, 7014, 7015, 7023, 7024], "excluded_lines": [], "start_line": 6811}, "AutoMLDashboard._render_feature_engineering_section": {"executed_lines": [], "summary": {"covered_lines": 0, "num_statements": 13, "percent_covered": 0.0, "percent_covered_display": "0", "missing_lines": 13, "excluded_lines": 0, "percent_statements_covered": 0.0, "percent_statements_covered_display": "0"}, "missing_lines": [7033, 7034, 7037, 7045, 7046, 7048, 7049, 7051, 7052, 7054, 7055, 7057, 7058], "excluded_lines": [], "start_line": 7031}, "AutoMLDashboard._render_column_selection_tab": {"executed_lines": [], "summary": {"covered_lines": 0, "num_statements": 30, "percent_covered": 0.0, "percent_covered_display": "0", "missing_lines": 30, "excluded_lines": 0, "percent_statements_covered": 0.0, "percent_statements_covered_display": "0"}, "missing_lines": [7062, 7064, 7066, 7067, 7070, 7071, 7074, 7075, 7081, 7083, 7084, 7085, 7087, 7088, 7089, 7090, 7091, 7092, 7095, 7096, 7097, 7098, 7100, 7101, 7102, 7103, 7104, 7105, 7106, 7107], "excluded_lines": [], "start_line": 7060}, "AutoMLDashboard._render_data_cleaning_tab": {"executed_lines": [], "summary": {"covered_lines": 0, "num_statements": 32, "percent_covered": 0.0, "percent_covered_display": "0", "missing_lines": 32, "excluded_lines": 0, "percent_statements_covered": 0.0, "percent_statements_covered_display": "0"}, "missing_lines": [7111, 7114, 7115, 7117, 7118, 7119, 7120, 7126, 7129, 7131, 7132, 7133, 7138, 7140, 7141, 7146, 7148, 7151, 7152, 7153, 7154, 7155, 7156, 7158, 7161, 7162, 7163, 7165, 7171, 7172, 7177, 7178], "excluded_lines": [], "start_line": 7109}, "AutoMLDashboard._render_transformations_tab": {"executed_lines": [], "summary": {"covered_lines": 0, "num_statements": 32, "percent_covered": 0.0, "percent_covered_display": "0", "missing_lines": 32, "excluded_lines": 0, "percent_statements_covered": 0.0, "percent_statements_covered_display": "0"}, "missing_lines": [7182, 7184, 7185, 7188, 7189, 7190, 7192, 7197, 7199, 7200, 7203, 7204, 7205, 7207, 7212, 7215, 7216, 7217, 7218, 7219, 7225, 7228, 7230, 7231, 7232, 7237, 7239, 7240, 7244, 7245, 7246, 7247], "excluded_lines": [], "start_line": 7180}, "AutoMLDashboard._render_feature_creation_tab": {"executed_lines": [], "summary": {"covered_lines": 0, "num_statements": 31, "percent_covered": 0.0, "percent_covered_display": "0", "missing_lines": 31, "excluded_lines": 0, "percent_statements_covered": 0.0, "percent_statements_covered_display": "0"}, "missing_lines": [7251, 7253, 7254, 7257, 7258, 7260, 7261, 7263, 7265, 7271, 7272, 7277, 7283, 7286, 7287, 7289, 7295, 7296, 7301, 7307, 7308, 7309, 7311, 7316, 7317, 7322, 7325, 7326, 7330, 7331, 7332], "excluded_lines": [], "start_line": 7249}, "AutoMLDashboard._render_export_changes_tab": {"executed_lines": [], "summary": {"covered_lines": 0, "num_statements": 46, "percent_covered": 0.0, "percent_covered_display": "0", "missing_lines": 46, "excluded_lines": 0, "percent_statements_covered": 0.0, "percent_statements_covered_display": "0"}, "missing_lines": [7339, 7342, 7343, 7346, 7347, 7348, 7351, 7352, 7354, 7355, 7358, 7359, 7361, 7362, 7365, 7366, 7368, 7369, 7371, 7372, 7373, 7375, 7378, 7380, 7381, 7382, 7383, 7384, 7385, 7386, 7387, 7388, 7389, 7390, 7392, 7393, 7394, 7395, 7396, 7397, 7403, 7404, 7407, 7408, 7409, 7410], "excluded_lines": [], "start_line": 7337}, "AutoMLDashboard._apply_feature_engineering_changes": {"executed_lines": [], "summary": {"covered_lines": 0, "num_statements": 64, "percent_covered": 0.0, "percent_covered_display": "0", "missing_lines": 64, "excluded_lines": 0, "percent_statements_covered": 0.0, "percent_statements_covered_display": "0"}, "missing_lines": [7415, 7418, 7419, 7420, 7423, 7424, 7426, 7427, 7428, 7429, 7430, 7431, 7432, 7433, 7434, 7436, 7437, 7438, 7439, 7440, 7441, 7442, 7445, 7446, 7449, 7450, 7451, 7452, 7454, 7456, 7457, 7458, 7459, 7460, 7461, 7462, 7463, 7464, 7465, 7466, 7467, 7468, 7471, 7472, 7473, 7474, 7475, 7476, 7477, 7478, 7479, 7480, 7481, 7484, 7485, 7486, 7488, 7491, 7492, 7493, 7494, 7495, 7496, 7498], "excluded_lines": [], "start_line": 7412}, "AutoMLDashboard._reset_feature_engineering_settings": {"executed_lines": [], "summary": {"covered_lines": 0, "num_statements": 4, "percent_covered": 0.0, "percent_covered_display": "0", "missing_lines": 4, "excluded_lines": 0, "percent_statements_covered": 0.0, "percent_statements_covered_display": "0"}, "missing_lines": [7502, 7509, 7510, 7511], "excluded_lines": [], "start_line": 7500}, "AutoMLDashboard._render_step1_navigation": {"executed_lines": [], "summary": {"covered_lines": 0, "num_statements": 41, "percent_covered": 0.0, "percent_covered_display": "0", "missing_lines": 41, "excluded_lines": 0, "percent_statements_covered": 0.0, "percent_statements_covered_display": "0"}, "missing_lines": [7515, 7518, 7519, 7522, 7524, 7526, 7527, 7534, 7535, 7536, 7542, 7543, 7544, 7545, 7546, 7553, 7554, 7555, 7556, 7557, 7564, 7567, 7569, 7570, 7572, 7573, 7574, 7575, 7576, 7577, 7579, 7580, 7581, 7582, 7583, 7591, 7593, 7594, 7595, 7596, 7598], "excluded_lines": [], "start_line": 7513}, "main": {"executed_lines": [], "summary": {"covered_lines": 0, "num_statements": 2, "percent_covered": 0.0, "percent_covered_display": "0", "missing_lines": 2, "excluded_lines": 0, "percent_statements_covered": 0.0, "percent_statements_covered_display": "0"}, "missing_lines": [7605, 7606], "excluded_lines": [], "start_line": 7602}, "": {"executed_lines": [], "summary": {"covered_lines": 0, "num_statements": 101, "percent_covered": 0.0, "percent_covered_display": "0", "missing_lines": 101, "excluded_lines": 0, "percent_statements_covered": 0.0, "percent_statements_covered_display": "0"}, "missing_lines": [3, 4, 5, 6, 7, 8, 9, 10, 11, 14, 16, 17, 18, 19, 20, 21, 22, 23, 24, 25, 26, 27, 28, 29, 30, 31, 32, 33, 34, 37, 40, 43, 48, 57, 106, 160, 183, 336, 649, 671, 734, 832, 1080, 1105, 1149, 1193, 1204, 1255, 1328, 1377, 1689, 1887, 1965, 2021, 2130, 2222, 2554, 2677, 2748, 2852, 2930, 2971, 3248, 3534, 3963, 4097, 4576, 5244, 5509, 5695, 5802, 5820, 5862, 5915, 5919, 5923, 5927, 5948, 5997, 6046, 6083, 6139, 6159, 6256, 6309, 6459, 6546, 6643, 6811, 7031, 7060, 7109, 7180, 7249, 7337, 7412, 7500, 7513, 7602, 7609, 7610], "excluded_lines": [], "start_line": 1}}, "classes": {"AutoMLDashboard": {"executed_lines": [], "summary": {"covered_lines": 0, "num_statements": 3602, "percent_covered": 0.0, "percent_covered_display": "0", "missing_lines": 3602, "excluded_lines": 0, "percent_statements_covered": 0.0, "percent_statements_covered_display": "0"}, "missing_lines": [44, 46, 50, 51, 52, 53, 54, 55, 59, 102, 103, 104, 109, 110, 116, 119, 120, 121, 124, 125, 126, 127, 129, 130, 131, 132, 135, 136, 137, 138, 139, 140, 141, 142, 143, 144, 147, 149, 150, 151, 152, 153, 154, 157, 158, 162, 164, 186, 198, 209, 210, 212, 214, 215, 222, 223, 230, 231, 238, 240, 243, 244, 245, 248, 250, 252, 258, 259, 260, 267, 268, 269, 270, 271, 272, 275, 276, 284, 285, 286, 287, 288, 289, 292, 294, 297, 298, 300, 301, 302, 304, 306, 338, 339, 342, 344, 346, 347, 352, 353, 358, 359, 360, 361, 367, 368, 369, 370, 378, 379, 381, 388, 389, 390, 392, 395, 396, 397, 398, 399, 400, 403, 404, 405, 406, 407, 408, 410, 412, 421, 422, 428, 429, 432, 433, 434, 436, 437, 438, 439, 440, 441, 442, 443, 444, 445, 446, 447, 450, 451, 452, 454, 455, 456, 457, 458, 460, 461, 462, 463, 464, 466, 467, 469, 470, 471, 472, 473, 474, 478, 479, 482, 483, 484, 485, 486, 487, 488, 494, 495, 497, 499, 500, 501, 503, 505, 506, 509, 510, 511, 517, 518, 519, 520, 521, 524, 525, 526, 527, 529, 532, 533, 534, 536, 537, 538, 539, 541, 543, 546, 547, 548, 551, 552, 553, 555, 556, 557, 558, 560, 563, 564, 565, 568, 570, 571, 572, 573, 574, 575, 576, 577, 578, 579, 581, 582, 583, 584, 585, 587, 589, 590, 591, 592, 595, 597, 599, 600, 603, 604, 605, 606, 609, 610, 611, 612, 615, 616, 618, 620, 624, 627, 628, 631, 632, 635, 636, 638, 641, 642, 644, 645, 646, 647, 651, 653, 654, 656, 659, 660, 661, 662, 665, 667, 668, 669, 673, 675, 676, 677, 678, 681, 692, 693, 694, 695, 696, 700, 701, 702, 707, 713, 714, 715, 716, 719, 720, 721, 724, 725, 726, 728, 730, 731, 732, 736, 737, 738, 741, 742, 743, 744, 745, 746, 747, 748, 749, 750, 751, 752, 754, 757, 758, 759, 760, 761, 762, 764, 767, 768, 769, 770, 771, 772, 774, 777, 778, 779, 780, 781, 782, 784, 787, 788, 789, 790, 791, 792, 794, 797, 798, 800, 802, 803, 817, 818, 834, 837, 839, 840, 843, 846, 848, 856, 858, 861, 865, 866, 867, 869, 870, 873, 875, 876, 877, 878, 879, 882, 885, 887, 889, 890, 891, 894, 895, 897, 903, 905, 907, 910, 911, 912, 913, 915, 920, 923, 926, 927, 930, 931, 932, 933, 934, 935, 937, 940, 941, 942, 949, 950, 952, 955, 962, 963, 964, 965, 968, 969, 972, 973, 975, 981, 983, 984, 986, 987, 993, 995, 996, 1004, 1006, 1013, 1016, 1017, 1019, 1024, 1026, 1027, 1034, 1036, 1039, 1046, 1049, 1050, 1051, 1052, 1053, 1054, 1057, 1058, 1059, 1060, 1062, 1063, 1064, 1066, 1067, 1068, 1069, 1071, 1072, 1073, 1075, 1076, 1077, 1078, 1082, 1083, 1088, 1089, 1090, 1091, 1092, 1093, 1094, 1095, 1097, 1098, 1099, 1100, 1101, 1102, 1103, 1107, 1108, 1111, 1112, 1113, 1115, 1116, 1119, 1120, 1128, 1137, 1139, 1140, 1141, 1143, 1144, 1145, 1151, 1152, 1154, 1155, 1156, 1159, 1160, 1163, 1164, 1166, 1167, 1168, 1169, 1170, 1173, 1174, 1176, 1177, 1179, 1180, 1181, 1182, 1183, 1184, 1186, 1187, 1188, 1189, 1190, 1191, 1195, 1196, 1197, 1198, 1199, 1200, 1201, 1202, 1206, 1207, 1208, 1209, 1218, 1219, 1227, 1229, 1230, 1231, 1235, 1239, 1241, 1242, 1250, 1251, 1252, 1253, 12
[...]
 41, 43, 45, 46, 48, 59, 60, 61, 62, 63, 64, 65, 66, 68, 70, 71, 84, 85, 87, 88, 107, 109, 117, 119, 122, 123, 124, 125, 127, 129, 130, 133, 135, 136, 138, 139, 157, 406, 408, 409, 411, 412, 414, 415, 417, 418], "excluded_lines": [], "functions": {"CloudExecutor.detect_environment": {"executed_lines": [], "summary": {"covered_lines": 0, "num_statements": 14, "percent_covered": 0.0, "percent_covered_display": "0", "missing_lines": 14, "excluded_lines": 0, "percent_statements_covered": 0.0, "percent_statements_covered_display": "0"}, "missing_lines": [24, 26, 27, 28, 29, 32, 33, 36, 37, 38, 39, 40, 41, 43], "excluded_lines": [], "start_line": 17}, "CloudExecutor.get_available_resources": {"executed_lines": [], "summary": {"covered_lines": 0, "num_statements": 10, "percent_covered": 0.0, "percent_covered_display": "0", "missing_lines": 10, "excluded_lines": 0, "percent_statements_covered": 0.0, "percent_statements_covered_display": "0"}, "missing_lines": [48, 59, 60, 61, 62, 63, 64, 65, 66, 68], "excluded_lines": [], "start_line": 46}, "CloudExecutor.estimate_memory_required": {"executed_lines": [], "summary": {"covered_lines": 0, "num_statements": 2, "percent_covered": 0.0, "percent_covered_display": "0", "missing_lines": 2, "excluded_lines": 0, "percent_statements_covered": 0.0, "percent_statements_covered_display": "0"}, "missing_lines": [84, 85], "excluded_lines": [], "start_line": 71}, "CloudExecutor.recommend_execution_mode": {"executed_lines": [], "summary": {"covered_lines": 0, "num_statements": 14, "percent_covered": 0.0, "percent_covered_display": "0", "missing_lines": 14, "excluded_lines": 0, "percent_statements_covered": 0.0, "percent_statements_covered_display": "0"}, "missing_lines": [107, 109, 117, 119, 122, 123, 124, 125, 127, 129, 130, 133, 135, 136], "excluded_lines": [], "start_line": 88}, "CloudExecutor.generate_colab_notebook": {"executed_lines": [], "summary": {"covered_lines": 0, "num_statements": 2, "percent_covered": 0.0, "percent_covered_display": "0", "missing_lines": 2, "excluded_lines": 0, "percent_statements_covered": 0.0, "percent_statements_covered_display": "0"}, "missing_lines": [157, 406], "excluded_lines": [], "start_line": 139}, "CloudExecutor.save_notebook": {"executed_lines": [], "summary": {"covered_lines": 0, "num_statements": 6, "percent_covered": 0.0, "percent_covered_display": "0", "missing_lines": 6, "excluded_lines": 0, "percent_statements_covered": 0.0, "percent_statements_covered_display": "0"}, "missing_lines": [411, 412, 414, 415, 417, 418], "excluded_lines": [], "start_line": 409}, "": {"executed_lines": [], "summary": {"covered_lines": 0, "num_statements": 20, "percent_covered": 0.0, "percent_covered_display": "0", "missing_lines": 20, "excluded_lines": 0, "percent_statements_covered": 0.0, "percent_statements_covered_display": "0"}, "missing_lines": [3, 4, 5, 6, 7, 8, 10, 13, 16, 17, 45, 46, 70, 71, 87, 88, 138, 139, 408, 409], "excluded_lines": [], "start_line": 1}}, "classes": {"CloudExecutor": {"executed_lines": [], "summary": {"covered_lines": 0, "num_statements": 48, "percent_covered": 0.0, "percent_covered_display": "0", "missing_lines": 48, "excluded_lines": 0, "percent_statements_covered": 0.0, "percent_statements_covered_display": "0"}, "missing_lines": [24, 26, 27, 28, 29, 32, 33, 36, 37, 38, 39, 40, 41, 43, 48, 59, 60, 61, 62, 63, 64, 65, 66, 68, 84, 85, 107, 109, 117, 119, 122, 123, 124, 125, 127, 129, 130, 133, 135, 136, 157, 406, 411, 412, 414, 415, 417, 418], "excluded_lines": [], "start_line": 13}, "": {"executed_lines": [], "summary": {"covered_lines": 0, "num_statements": 20, "percent_covered": 0.0, "percent_covered_display": "0", "missing_lines": 20, "excluded_lines": 0, "percent_statements_covered": 0.0, "percent_statements_covered_display": "0"}, "missing_lines": [3, 4, 5, 6, 7, 8, 10, 13, 16, 17, 45, 46, 70, 71, 87, 88, 138, 139, 408, 409], "excluded_lines": [], "start_line": 1}}}, "utils/jupyter_client.py": {"executed_lines": [], "summary": {"covered_lines": 0, "num_statements": 162, "percent_covered": 0.0, "percent_covered_display": "0", "missing_lines": 162, "excluded_lines": 0, "percent_statements_covered": 0.0, "percent_statements_covered_display": "0"}, "missing_lines": [3, 4, 5, 6, 7, 8, 9, 10, 11, 12, 15, 18, 26, 27, 28, 29, 32, 33, 35, 39, 41, 42, 43, 47, 49, 50, 51, 54, 55, 56, 58, 59, 60, 61, 62, 65, 66, 69, 70, 71, 73, 75, 76, 77, 78, 79, 80, 81, 82, 83, 85, 87, 88, 89, 90, 91, 93, 105, 106, 107, 108, 114, 115, 118, 124, 125, 127, 128, 130, 131, 132, 133, 134, 135, 136, 137, 138, 139, 140, 141, 143, 145, 146, 147, 149, 151, 152, 156, 157, 159, 161, 162, 163, 166, 169, 178, 179, 180, 182, 184, 185, 189, 190, 191, 194, 196, 197, 198, 199, 200, 201, 203, 205, 221, 222, 224, 226, 228, 230, 233, 236, 237, 239, 280, 281, 283, 286, 289, 290, 291, 293, 316, 317, 318, 319, 321, 322, 323, 324, 329, 330, 334, 336, 337, 338, 339, 340, 341, 343, 346, 347, 348, 351, 352, 358, 359, 365, 366, 367, 369, 379, 510], "excluded_lines": [], "functions": {"JupyterServerClient.__init__": {"executed_lines": [], "summary": {"covered_lines": 0, "num_statements": 7, "percent_covered": 0.0, "percent_covered_display": "0", "missing_lines": 7, "excluded_lines": 0, "percent_statements_covered": 0.0, "percent_statements_covered_display": "0"}, "missing_lines": [26, 27, 28, 29, 32, 33, 35], "excluded_lines": [], "start_line": 18}, "JupyterServerClient.test_connection": {"executed_lines": [], "summary": {"covered_lines": 0, "num_statements": 30, "percent_covered": 0.0, "percent_covered_display": "0", "missing_lines": 30, "excluded_lines": 0, "percent_statements_covered": 0.0, "percent_statements_covered_display": "0"}, "missing_lines": [41, 42, 43, 47, 49, 50, 51, 54, 55, 56, 58, 59, 60, 61, 62, 65, 66, 69, 70, 71, 73, 75, 76, 77, 78, 79, 80, 81, 82, 83], "excluded_lines": [], "start_line": 39}, "JupyterServerClient.get_server_info": {"executed_lines": [], "summary": {"covered_lines": 0, "num_statements": 5, "percent_covered": 0.0, "percent_covered_display": "0", "missing_lines": 5, "excluded_lines": 0, "percent_statements_covered": 0.0, "percent_statements_covered_display": "0"}, "missing_lines": [87, 88, 89, 90, 91], "excluded_lines": [], "start_line": 85}, "JupyterServerClient.execute_code_via_file": {"executed_lines": [], "summary": {"covered_lines": 0, "num_statements": 27, "percent_covered": 0.0, "percent_covered_display": "0", "missing_lines": 27, "excluded_lines": 0, "percent_statements_covered": 0.0, "percent_statements_covered_display": "0"}, "missing_lines": [105, 106, 107, 108, 114, 115, 118, 124, 125, 127, 128, 130, 131, 132, 133, 134, 135, 136, 137, 138, 139, 140, 141, 143, 145, 146, 147], "excluded_lines": [], "start_line": 93}, "JupyterServerClient._delete_file": {"executed_lines": [], "summary": {"covered_lines": 0, "num_statements": 4, "percent_covered": 0.0, "percent_covered_display": "0", "missing_lines": 4, "excluded_lines": 0, "percent_statements_covered": 0.0, "percent_statements_covered_display": "0"}, "missing_lines": [151, 152, 156, 157], "excluded_lines": [], "start_line": 149}, "JupyterServerClient.upload_file": {"executed_lines": [], "summary": {"covered_lines": 0, "num_statements": 8, "percent_covered": 0.0, "percent_covered_display": "0", "missing_lines": 8, "excluded_lines": 0, "percent_statements_covered": 0.0, "percent_statements_covered_display": "0"}, "missing_lines": [161, 162, 163, 166, 169, 178, 179, 180], "excluded_lines": [], "start_line": 159}, "JupyterServerClient.download_file": {"executed_lines": [], "summary": {"covered_lines": 0, "num_statements": 12, "percent_covered": 0.0, "percent_covered_display": "0", "missing_lines": 12, "excluded_lines": 0, "percent_statements_covered": 0.0, "percent_statements_covered_display": "0"}, "missing_lines": [184, 185, 189, 190, 191, 194, 196, 197, 198, 199, 200, 201], "excluded_lines": [], "start_line": 182}, "JupyterServerClient.install_packages": {"executed_lines": [], "summary": {"covered_lines": 0, "num_statements": 3, "percent_covered": 0.0, "percent_covered_display": "0", "missing_lines": 3, "excluded_lines": 0, "percent_statements_covered": 0.0, "percent_statements_covered_display": "0"}, "missing_lines": [205, 221, 222], "excluded_lines": [], "start_line": 203}, "JupyterServerClient.shutdown_kernel": {"executed_lines": [], "summary": {"covered_lines": 0, "num_statements": 1, "percent_covered": 0.0, "percent_covered_display": "0", "missing_lines": 1, "excluded_lines": 0, "percent_statements_covered": 0.0, "percent_statements_covered_display": "0"}, "missing_lines": [226], "excluded_lines": [], "start_line": 224}, "JupyterServerClient.__del__": {"executed_lines": [], "summary": {"covered_lines": 0, "num_statements": 1, "percent_covered": 0.0, "percent_covered_display": "0", "missing_lines": 1, "excluded_lines": 0, "percent_statements_covered": 0.0, "percent_statements_covered_display": "0"}, "missing_lines": [230], "excluded_lines": [], "start_line": 228}, "ColabServerSetup.get_setup_code": {"executed_lines": [], "summary": {"covered_lines": 0, "num_statements": 1, "percent_covered": 0.0, "percent_covered_display": "0", "missing_lines": 1, "excluded_lines": 0, "percent_statements_covered": 0.0, "percent_statements_covered_display": "0"}, "missing_lines": [239], "excluded_lines": [], "start_line": 237}, "ColabServerSetup.get_colab_url": {"executed_lines": [], "summary": {"covered_lines": 0, "num_statements": 1, "percent_covered": 0.0, "percent_covered_display": "0", "missing_lines": 1, "excluded_lines": 0, "percent_statements_covered": 0.0, "percent_statements_covered_display": "0"}, "missing_lines": [283], "excluded_lines": [], "start_line": 281}, "RemoteExecutor.__init__": {"executed_lines": [], "summary": {"covered_lines": 0, "num_statements": 2, "percent_covered": 0.0, "percent_covered_display": "0", "missing_lines": 2, "excluded_lines": 0, "percent_statements_covered": 0.0, "percent_statements_covered_display": "0"}, "missing_lines": [290, 291], "excluded_lines": [], "start_line": 289}, "RemoteExecutor.execute_automl": {"executed_lines": [], "summary": {"covered_lines": 0, "num_statements": 25, "percent_covered": 0.0, "percent_covered_display": "0", "missing_lines": 25, "excluded_lines": 0, "percent_statements_covered": 0.0, "percent_statements_covered_display": "0"}, "missing_lines": [316, 321, 322, 323, 324, 329, 330, 334, 336, 337, 338, 339, 340, 341, 343, 346, 347, 348, 351, 352, 358, 359, 365, 366, 367], "excluded_lines": [], "start_line": 293}, "RemoteExecutor.execute_automl.log": {"executed_lines": [], "summary": {"covered_lines": 0, "num_statements": 3, "percent_covered": 0.0, "percent_covered_display": "0", "missing_lines": 3, "excluded_lines": 0, "percent_statements_covered": 0.0, "percent_statements_covered_display": "0"}, "missing_lines": [317, 318, 319], "excluded_lines": [], "start_line": 316}, "RemoteExecutor._generate_training_code_local": {"executed_lines": [], "summary": {"covered_lines": 0, "num_statements": 2, "percent_covered": 0.0, "percent_covered_display": "0", "missing_lines": 2, "excluded_lines": 0, "percent_statements_covered": 0.0, "percent_statements_covered_display": "0"}, "missing_lines": [379, 510], "excluded_lines": [], "start_line": 369}, "": {"executed_lines": [], "summary": {"covered_lines": 0, "num_statements": 30, "percent_covered": 0.0, "percent_covered_display": "0", "missing_lines": 30, "excluded_lines": 0, "percent_statements_covered": 0.0, "percent_statements_covered_display": "0"}, "missing_lines": [3, 4, 5, 6, 7, 8, 9, 10, 11, 12, 15, 18, 39, 85, 93, 149, 159, 182, 203, 224, 228, 233, 236, 237, 280, 281, 286, 289, 293, 369], "excluded_lines": [], "start_line": 1}}, "classes": {"JupyterServerClient": {"executed_lines": [], "summary": {"covered_lines": 0, "num_statements": 98, "percent_covered": 0.0, "percent_covered_display": "0", "missing_lines": 98, "excluded_lines": 0, "percent_statements_covered": 0.0, "percent_statements_covered_display": "0"}, "missing_lines": [26, 27, 28, 29, 32, 33, 35, 41, 42, 43, 47, 49, 50, 51, 54, 55, 56, 58, 59, 60, 61, 62, 65, 66, 69, 70, 71, 73, 75, 76, 77, 78, 79, 80, 81, 82, 83, 87, 88, 89, 90, 91, 105, 106, 107, 108, 114, 115, 118, 124, 125, 127, 128, 130, 131, 132, 133, 134, 135, 136, 137, 138, 139, 140, 141, 143, 145, 146, 147, 151, 152, 156, 157, 161, 162, 163, 166, 169, 178, 179, 180, 184, 185, 189, 190, 191, 194, 196, 197, 198, 199, 200, 201, 205, 221, 222, 226, 230], "excluded_lines": [], "start_line": 15}, "ColabServerSetup": {"executed_lines": [], "summary": {"covered_lines": 0, "num_statements": 2, "percent_covered": 0.0, "percent_covered_display": "0", "missing_lines": 2, "excluded_lines": 0, "percent_statements_covered": 0.0, "percent_statements_covered_display": "0"}, "missing_lines": [239, 283], "excluded_lines": [], "start_line": 233}, "RemoteExecutor": {"executed_lines": [], "summary": {"covered_lines": 0, "num_statements": 32, "percent_covered": 0.0, "percent_covered_display": "0", "missing_lines": 32, "excluded_lines": 0, "percent_statements_covered": 0.0, "percent_statements_covered_display": "0"}, "missing_lines": [290, 291, 316, 317, 318, 319, 321, 322, 323, 324, 329, 330, 334, 336, 337, 338, 339, 340, 341, 343, 346, 347, 348, 351, 352, 358, 359, 365, 366, 367, 379, 510], "excluded_lines": [], "start_line": 286}, "": {"executed_lines": [], "summary": {"covered_lines": 0, "num_statements": 30, "percent_covered": 0.0, "percent_covered_display": "0", "missing_lines": 30, "excluded_lines": 0, "percent_statements_covered": 0.0, "percent_statements_covered_display": "0"}, "missing_lines": [3, 4, 5, 6, 7, 8, 9, 10, 11, 12, 15, 18, 39, 85, 93, 149, 159, 182, 203, 224, 228, 233, 236, 237, 280, 281, 286, 289, 293, 369], "excluded_lines": [], "start_line": 1}}}, "utils/logging_utils.py": {"executed_lines": [3, 4, 5, 6, 7, 10, 29, 30, 31, 34, 35, 38, 39, 40, 45, 48, 49, 50, 53, 57, 58, 59, 62, 63, 64, 66], "summary": {"covered_lines": 26, "num_statements": 26, "percent_covered": 100.0, "percent_covered_display": "100", "missing_lines": 0, "excluded_lines": 0, "percent_statements_covered": 100.0, "percent_statements_covered_display": "100"}, "missing_lines": [], "excluded_lines": [], "functions": {"setup_logger": {"executed_lines": [29, 30, 31, 34, 35, 38, 39, 40, 45, 48, 49, 50, 53, 57, 58, 59, 62, 63, 64, 66], "summary": {"covered_lines": 20, "num_statements": 20, "percent_covered": 100.0, "percent_covered_display": "100", "missing_lines": 0, "excluded_lines": 0, "percent_statements_covered": 100.0, "percent_statements_covered_display": "100"}, "missing_lines": [], "excluded_lines": [], "start_line": 10}, "": {"executed_lines": [3, 4, 5, 6, 7, 10], "summary": {"covered_lines": 6, "num_statements": 6, "percent_covered": 100.0, "percent_covered_display": "100", "missing_lines": 0, "excluded_lines": 0, "percent_statements_covered": 100.0, "percent_statements_covered_display": "100"}, "missing_lines": [], "excluded_lines": [], "start_line": 1}}, "classes": {"": {"executed_lines": [3, 4, 5, 6, 7, 10, 29, 30, 31, 34, 35, 38, 39, 40, 45, 48, 49, 50, 53, 57, 58, 59, 62, 63, 64, 66], "summary": {"covered_lines": 26, "num_statements": 26, "percent_covered": 100.0, "percent_covered_display": "100", "missing_lines": 0, "excluded_lines": 0, "percent_statements_covered": 100.0, "percent_statements_covered_display": "100"}, "missing_lines": [], "excluded_lines": [], "start_line": 1}}}, "utils/metrics_utils.py": {"executed_lines": [3, 4, 5, 8, 22, 23, 25, 26, 27, 29, 30, 32, 35, 51, 52, 54, 55, 56, 57, 59, 60, 61, 63, 66, 79, 80, 82, 83, 86, 87, 89, 90, 92, 95, 106, 107, 108, 109, 110], "summary": {"covered_lines": 39, "num_statements": 39, "percent_covered": 100.0, "percent_covered_display": "100", "missing_lines": 0, "excluded_lines": 0, "percent_statements_covered": 100.0, "percent_statements_covered_display": "100"}, "missing_lines": [], "excluded_lines": [], "functions": {"compute_confidence_interval": {"executed_lines": [22, 23, 25, 26, 27, 29, 30, 32], "summary": {"covered_lines": 8, "num_statements": 8, "percent_covered": 100.0, "percent_covered_display": "100", "missing_lines": 0, "excluded_lines": 0, "percent_statements_covered": 100.0, "percent_statements_covered_display": "100"}, "missing_lines": [], "excluded_lines": [], "start_line": 8}, "bootstrap_ci": {"executed_lines": [51, 52, 54, 55, 56, 57, 59, 60, 61, 63], "summary": {"covered_lines": 10, "num_statements": 10, "percent_covered": 100.0, "percent_covered_display": "100", "missing_lines": 0, "excluded_lines": 0, "percent_statements_covered": 100.0, "percent_statements_covered_display": "100"}, "missing_lines": [], "excluded_lines": [], "start_line": 35}, "mcnemar_test": {"executed_lines": [79, 80, 82, 83, 86, 87, 89, 90, 92], "summary": {"covered_lines": 9, "num_statements": 9, "percent_covered": 100.0, "percent_covered_display": "100", "missing_lines": 0, "excluded_lines": 0, "percent_statements_covered": 100.0, "percent_statements_covered_display": "100"}, "missing_lines": [], "excluded_lines": [], "start_line": 66}, "wilcoxon_test": {"executed_lines": [106, 107, 108, 109, 110], "summary": {"covered_lines": 5, "num_statements": 5, "percent_covered": 100.0, "percent_covered_display": "100", "missing_lines": 0, "excluded_lines": 0, "percent_statements_covered": 100.0, "percent_statements_covered_display": "100"}, "missing_lines": [], "excluded_lines": [], "start_line": 95}, "": {"executed_lines": [3, 4, 5, 8, 35, 66, 95], "summary": {"covered_lines": 7, "num_statements": 7, "percent_covered": 100.0, "percent_covered_display": "100", "missing_lines": 0, "excluded_lines": 0, "percent_statements_covered": 100.0, "percent_statements_covered_display": "100"}, "missing_lines": [], "excluded_lines": [], "start_line": 1}}, "classes": {"": {"executed_lines": [3, 4, 5, 8, 22, 23, 25, 26, 27, 29, 30, 32, 35, 51, 52, 54, 55, 56, 57, 59, 60, 61, 63, 66, 79, 80, 82, 83, 86, 87, 89, 90, 92, 95, 106, 107, 108, 109, 110], "summary": {"covered_lines": 39, "num_statements": 39, "percent_covered": 100.0, "percent_covered_display": "100", "missing_lines": 0, "excluded_lines": 0, "percent_statements_covered": 100.0, "percent_statements_covered_display": "100"}, "missing_lines": [], "excluded_lines": [], "start_line": 1}}}, "utils/seed_utils.py": {"executed_lines": [3, 4, 5, 8], "summary": {"covered_lines": 4, "num_statements": 12, "percent_covered": 33.333333333333336, "percent_covered_display": "33", "missing_lines": 8, "excluded_lines": 0, "percent_statements_covered": 33.333333333333336, "percent_statements_covered_display": "33"}, "missing_lines": [15, 16, 17, 18, 19, 20, 21, 22], "excluded_lines": [], "functions": {"set_seed": {"executed_lines": [], "summary": {"covered_lines": 0, "num_statements": 8, "percent_covered": 0.0, "percent_covered_display": "0", "missing_lines": 8, "excluded_lines": 0, "percent_statements_covered": 0.0, "percent_statements_covered_display": "0"}, "missing_lines": [15, 16, 17, 18, 19, 20, 21, 22], "excluded_lines": [], "start_line": 8}, "": {"executed_lines": [3, 4, 5, 8], "summary": {"covered_lines": 4, "num_statements": 4, "percent_covered": 100.0, "percent_covered_display": "100", "missing_lines": 0, "excluded_lines": 0, "percent_statements_covered": 100.0, "percent_statements_covered_display": "100"}, "missing_lines": [], "excluded_lines": [], "start_line": 1}}, "classes": {"": {"executed_lines": [3, 4, 5, 8], "summary": {"covered_lines": 4, "num_statements": 12, "percent_covered": 33.333333333333336, "percent_covered_display": "33", "missing_lines": 8, "excluded_lines": 0, "percent_statements_covered": 33.333333333333336, "percent_statements_covered_display": "33"}, "missing_lines": [15, 16, 17, 18, 19, 20, 21, 22], "excluded_lines": [], "start_line": 1}}}}, "totals": {"covered_lines": 1246, "num_statements": 6988, "percent_covered": 17.830566685746994, "percent_covered_display": "18", "missing_lines": 5742, "excluded_lines": 0, "percent_statements_covered": 17.830566685746994, "percent_statements_covered_display": "18"}}